#
# A fatal error has been detected by the Java Runtime Environment:
#
#  EXCEPTION_ACCESS_VIOLATION (0xc0000005) at pc=0x00007ffbd4f6d6f3, pid=980, tid=2560
#
# JRE version: OpenJDK Runtime Environment (17.0.6) (build 17.0.6+0-b2043.56-10027231)
# Java VM: OpenJDK 64-Bit Server VM (17.0.6+0-b2043.56-10027231, mixed mode, tiered, compressed oops, compressed class ptrs, g1 gc, windows-amd64)
# Problematic frame:
# V  [jvm.dll+0x36d6f3]
#
# No core dump will be written. Minidumps are not enabled by default on client versions of Windows
#
# If you would like to submit a bug report, please visit:
#   https://bugreport.java.com/bugreport/crash.jsp
#

---------------  S U M M A R Y ------------

Command Line: --add-opens=java.base/java.util=ALL-UNNAMED --add-opens=java.base/java.lang=ALL-UNNAMED --add-opens=java.base/java.lang.invoke=ALL-UNNAMED --add-opens=java.prefs/java.util.prefs=ALL-UNNAMED --add-opens=java.base/java.nio.charset=ALL-UNNAMED --add-opens=java.base/java.net=ALL-UNNAMED --add-opens=java.base/java.util.concurrent.atomic=ALL-UNNAMED -Xmx2048m -Dfile.encoding=UTF-8 -Duser.country=US -Duser.language=en -Duser.variant org.gradle.launcher.daemon.bootstrap.GradleDaemon 8.0

Host: Intel(R) Core(TM) i5-2520M CPU @ 2.50GHz, 4 cores, 7G,  Windows 11 , 64 bit Build 22621 (10.0.22621.1344)
Time: Fri Aug 11 01:02:41 2023 Pacific Daylight Time elapsed time: 29.690006 seconds (0d 0h 0m 29s)

---------------  T H R E A D  ---------------

Current thread (0x00000293b9378b10):  JavaThread "C2 CompilerThread1" daemon [_thread_in_native, id=2560, stack(0x000000c0a3f00000,0x000000c0a4000000)]


Current CompileTask:
C2:  29690 7632       4       org.gradle.cache.internal.btree.FreeListBlockStore::read (12 bytes)

Stack: [0x000000c0a3f00000,0x000000c0a4000000],  sp=0x000000c0a3ffb720,  free space=1005k
Native frames: (J=compiled Java code, j=interpreted, Vv=VM code, C=native code)
V  [jvm.dll+0x36d6f3]
V  [jvm.dll+0x366f4d]
V  [jvm.dll+0x1bcd86]
V  [jvm.dll+0x21c359]
V  [jvm.dll+0x21b621]
V  [jvm.dll+0x1a4fdd]
V  [jvm.dll+0x22b098]
V  [jvm.dll+0x229159]
V  [jvm.dll+0x7f81ec]
V  [jvm.dll+0x7f274a]
V  [jvm.dll+0x682ad5]
C  [ucrtbase.dll+0x29363]
C  [KERNEL32.DLL+0x126bd]
C  [ntdll.dll+0x5a9f8]


siginfo: EXCEPTION_ACCESS_VIOLATION (0xc0000005), reading address 0x0000000000000000


Register to memory mapping:

RIP=0x00007ffbd4f6d6f3 jvm.dll
RAX=0x00000293b9a220e0 points into unknown readable memory: 0x00000293b9a22120 | 20 21 a2 b9 93 02 00 00
RBX=0x000000c0a3ffb840 is pointing into the stack for thread: 0x00000293b9378b10
RCX=0x00000293b9a220a0 points into unknown readable memory: 0x0000000000000000 | 00 00 00 00 00 00 00 00
RDX=0x0000000000000050 is an unknown value
RSP=0x000000c0a3ffb720 is pointing into the stack for thread: 0x00000293b9378b10
RBP=0x000000c0a3ffe740 is pointing into the stack for thread: 0x00000293b9378b10
RSI=0x0000000000000048 is an unknown value
RDI=0x0000000000000009 is an unknown value
R8 =0x000000000000000a is an unknown value
R9 =0x0000000000000002 is an unknown value
R10=0x0000000000000002 is an unknown value
R11=0x00000293b9a21fa0 points into unknown readable memory: 0x0001000000a8823c | 3c 82 a8 00 00 00 01 00
R12=0x00000293b9e5b5a0 points into unknown readable memory: 0x00000293bcada000 | 00 a0 ad bc 93 02 00 00
R13=0x00007ffbd57911c8 jvm.dll
R14=0x0 is NULL
R15=0x00000293bf4bb070 points into unknown readable memory: 0x0000000100000005 | 05 00 00 00 01 00 00 00


Registers:
RAX=0x00000293b9a220e0, RBX=0x000000c0a3ffb840, RCX=0x00000293b9a220a0, RDX=0x0000000000000050
RSP=0x000000c0a3ffb720, RBP=0x000000c0a3ffe740, RSI=0x0000000000000048, RDI=0x0000000000000009
R8 =0x000000000000000a, R9 =0x0000000000000002, R10=0x0000000000000002, R11=0x00000293b9a21fa0
R12=0x00000293b9e5b5a0, R13=0x00007ffbd57911c8, R14=0x0000000000000000, R15=0x00000293bf4bb070
RIP=0x00007ffbd4f6d6f3, EFLAGS=0x0000000000010206

Top of Stack: (sp=0x000000c0a3ffb720)
0x000000c0a3ffb720:   0000000000000000 000000010000002b
0x000000c0a3ffb730:   0000000100000001 00007ffbd51a22e0
0x000000c0a3ffb740:   0000000000000003 000000c0a3ffbdf0
0x000000c0a3ffb750:   0000000000000003 000000c0a3ffb870
0x000000c0a3ffb760:   000000c0a3ffbdf0 00007ffbd4f66f4d
0x000000c0a3ffb770:   00000293b6b16778 0000000000000000
0x000000c0a3ffb780:   0000000000000000 00007ffc2a7cab01
0x000000c0a3ffb790:   0000000000000048 0000029300000001
0x000000c0a3ffb7a0:   ffffffff00000002 0000000000000003
0x000000c0a3ffb7b0:   0000000200000000 0000000e00000000
0x000000c0a3ffb7c0:   0000000000000000 0000000200000003
0x000000c0a3ffb7d0:   0000000d00000003 0000029300000000
0x000000c0a3ffb7e0:   0000000000000001 00000293b6b16778
0x000000c0a3ffb7f0:   000000060000000e 0000000000000000
0x000000c0a3ffb800:   0000000000000000 0000000100000030
0x000000c0a3ffb810:   0000000100000001 00000293b9a21fa0 

Instructions: (pc=0x00007ffbd4f6d6f3)
0x00007ffbd4f6d5f3:   48 f7 d0 48 8b b9 c8 08 00 00 48 8b 4f 18 48 3b
0x00007ffbd4f6d603:   c1 73 16 4c 8d 05 2b 7f 5b 00 48 8b d6 48 8b cf
0x00007ffbd4f6d613:   e8 68 ee d3 ff 48 8b 4f 18 48 8d 04 31 48 3b 47
0x00007ffbd4f6d623:   20 76 13 45 33 c0 48 8b d6 48 8b cf e8 0c ec d3
0x00007ffbd4f6d633:   ff 48 8b c8 eb 04 48 89 47 18 ba 50 00 00 00 33
0x00007ffbd4f6d643:   ff 48 89 4b 08 39 bb 90 00 00 00 0f 86 d9 00 00
0x00007ffbd4f6d653:   00 65 48 8b 04 25 58 00 00 00 4c 89 64 24 50 4c
0x00007ffbd4f6d663:   89 6c 24 58 4c 8d 2d 5a 3b 82 00 4c 89 74 24 60
0x00007ffbd4f6d673:   4c 8d 24 e8 66 0f 1f 84 00 00 00 00 00 49 8b 47
0x00007ffbd4f6d683:   08 48 8d 34 fd 00 00 00 00 4c 8b 34 06 4d 3b f5
0x00007ffbd4f6d693:   75 0a 48 8b 43 08 4c 89 2c 06 eb 6c 49 8b 2c 24
0x00007ffbd4f6d6a3:   8b c2 80 3c 28 00 75 05 e8 20 04 53 00 b8 20 00
0x00007ffbd4f6d6b3:   00 00 48 8b 0c 28 48 8b 81 d0 04 00 00 48 8b a8
0x00007ffbd4f6d6c3:   80 00 00 00 48 8b 8d d0 08 00 00 48 85 c9 75 0c
0x00007ffbd4f6d6d3:   e8 e8 0b 00 00 48 8b 8d d0 08 00 00 48 8b 01 0f
0x00007ffbd4f6d6e3:   57 c0 48 89 85 d0 08 00 00 0f 11 01 0f 11 41 10
0x00007ffbd4f6d6f3:   41 0f 10 06 0f 11 01 41 0f 10 4e 10 0f 11 49 10
0x00007ffbd4f6d703:   48 8b 43 08 48 89 0c 06 ff c7 ba 50 00 00 00 3b
0x00007ffbd4f6d713:   bb 90 00 00 00 0f 82 62 ff ff ff 4c 8b 74 24 60
0x00007ffbd4f6d723:   4c 8b 6c 24 58 4c 8b 64 24 50 48 8b c3 48 83 c4
0x00007ffbd4f6d733:   20 41 5f 5f 5e 5d 5b c3 cc cc cc cc cc 40 53 48
0x00007ffbd4f6d743:   83 ec 20 8b 51 0c 48 8b d9 83 fa 04 73 2a 4c 8b
0x00007ffbd4f6d753:   59 18 66 66 66 0f 1f 84 00 00 00 00 00 44 8b d2
0x00007ffbd4f6d763:   44 8d 4a 01 4b 83 3c d3 00 0f 85 8f 00 00 00 41
0x00007ffbd4f6d773:   8b d1 41 83 f9 04 72 e5 48 89 74 24 30 48 89 7c
0x00007ffbd4f6d783:   24 38 8b 79 10 3b 79 14 73 62 48 8d 35 34 3a 82
0x00007ffbd4f6d793:   00 0f 1f 40 00 0f 1f 84 00 00 00 00 00 48 8b 43
0x00007ffbd4f6d7a3:   20 8b cf 48 8b 14 c8 48 3b d6 74 39 33 c0 48 89
0x00007ffbd4f6d7b3:   53 18 33 c9 66 0f 1f 84 00 00 00 00 00 48 83 3c
0x00007ffbd4f6d7c3:   11 00 44 8d 48 01 75 6f 48 83 c1 08 41 8b c1 41
0x00007ffbd4f6d7d3:   83 f9 04 72 e8 48 8b 4b 28 48 85 c9 74 07 8b d7
0x00007ffbd4f6d7e3:   e8 58 01 00 00 ff c7 3b 7b 14 72 b1 48 8b 74 24 


Stack slot to memory mapping:
stack at sp + 0 slots: 0x0 is NULL
stack at sp + 1 slots: 0x000000010000002b is pointing into metadata
stack at sp + 2 slots: 0x0000000100000001 is pointing into metadata
stack at sp + 3 slots: 0x00007ffbd51a22e0 jvm.dll
stack at sp + 4 slots: 0x0000000000000003 is an unknown value
stack at sp + 5 slots: 0x000000c0a3ffbdf0 is pointing into the stack for thread: 0x00000293b9378b10
stack at sp + 6 slots: 0x0000000000000003 is an unknown value
stack at sp + 7 slots: 0x000000c0a3ffb870 is pointing into the stack for thread: 0x00000293b9378b10


---------------  P R O C E S S  ---------------

Threads class SMR info:
_java_thread_list=0x00000293becdfb80, length=82, elements={
0x000002939c9b98a0, 0x00000293b5f7a330, 0x00000293b5f7cef0, 0x00000293b5faa6d0,
0x00000293b5fad490, 0x00000293b5fade40, 0x00000293b5fae7f0, 0x00000293b691a720,
0x00000293b691b0d0, 0x00000293b691efc0, 0x00000293b6aa74b0, 0x00000293b6aa9990,
0x00000293b844b930, 0x00000293b7e88b10, 0x00000293b7003530, 0x00000293b7a81a40,
0x00000293b903ac90, 0x00000293b944a720, 0x00000293b9836810, 0x00000293b7b3be80,
0x00000293b7b3e9d0, 0x00000293b7b3d690, 0x00000293b7b3db60, 0x00000293b7b3d1c0,
0x00000293b7b3ccf0, 0x00000293b7b3b9b0, 0x00000293b7b3f370, 0x00000293b7b3e030,
0x00000293bae7d220, 0x00000293bae7f3d0, 0x00000293bae7e560, 0x00000293bae828c0,
0x00000293bae7c880, 0x00000293bae7f8a0, 0x00000293bae7cd50, 0x00000293bae7d6f0,
0x00000293bae80240, 0x00000293bae81a50, 0x00000293bae7ba10, 0x00000293bae7b070,
0x00000293bae810b0, 0x00000293bae7b540, 0x00000293bae7c3b0, 0x00000293bae81580,
0x00000293bae7ea30, 0x00000293bbb59230, 0x00000293bbb56210, 0x00000293bbb5b3e0,
0x00000293bbb583c0, 0x00000293bbb57ef0, 0x00000293bbb5af10, 0x00000293bbb59700,
0x00000293bbb54a00, 0x00000293bbb56bb0, 0x00000293bbb57080, 0x00000293bbb57a20,
0x00000293bbb553a0, 0x00000293bbb59bd0, 0x00000293bbb566e0, 0x00000293bbb55d40,
0x00000293bbb57550, 0x00000293bbb5a0a0, 0x00000293bbb5b8b0, 0x00000293bbb5a570,
0x00000293bbb58890, 0x00000293bbb5aa40, 0x00000293bbb54530, 0x00000293bbb54ed0,
0x00000293bbb58d60, 0x00000293bbb54060, 0x00000293bbb55870, 0x00000293b7074660,
0x00000293b7073cc0, 0x00000293b7072980, 0x00000293b7072e50, 0x00000293b706fe30,
0x00000293b7074b30, 0x00000293b7075000, 0x00000293b706f960, 0x00000293b70759a0,
0x00000293b7075e70, 0x00000293b9378b10
}

Java Threads: ( => current thread )
  0x000002939c9b98a0 JavaThread "main" [_thread_blocked, id=840, stack(0x000000c0a1c00000,0x000000c0a1d00000)]
  0x00000293b5f7a330 JavaThread "Reference Handler" daemon [_thread_blocked, id=1640, stack(0x000000c0a2300000,0x000000c0a2400000)]
  0x00000293b5f7cef0 JavaThread "Finalizer" daemon [_thread_blocked, id=1516, stack(0x000000c0a2400000,0x000000c0a2500000)]
  0x00000293b5faa6d0 JavaThread "Signal Dispatcher" daemon [_thread_blocked, id=3968, stack(0x000000c0a2500000,0x000000c0a2600000)]
  0x00000293b5fad490 JavaThread "Attach Listener" daemon [_thread_blocked, id=1492, stack(0x000000c0a2600000,0x000000c0a2700000)]
  0x00000293b5fade40 JavaThread "Service Thread" daemon [_thread_blocked, id=7532, stack(0x000000c0a2700000,0x000000c0a2800000)]
  0x00000293b5fae7f0 JavaThread "Monitor Deflation Thread" daemon [_thread_blocked, id=8668, stack(0x000000c0a2800000,0x000000c0a2900000)]
  0x00000293b691a720 JavaThread "C2 CompilerThread0" daemon [_thread_in_native, id=6308, stack(0x000000c0a2900000,0x000000c0a2a00000)]
  0x00000293b691b0d0 JavaThread "C1 CompilerThread0" daemon [_thread_blocked, id=1596, stack(0x000000c0a2a00000,0x000000c0a2b00000)]
  0x00000293b691efc0 JavaThread "Sweeper thread" daemon [_thread_blocked, id=1984, stack(0x000000c0a2b00000,0x000000c0a2c00000)]
  0x00000293b6aa74b0 JavaThread "Common-Cleaner" daemon [_thread_blocked, id=5548, stack(0x000000c0a2c00000,0x000000c0a2d00000)]
  0x00000293b6aa9990 JavaThread "Notification Thread" daemon [_thread_blocked, id=4572, stack(0x000000c0a2d00000,0x000000c0a2e00000)]
  0x00000293b844b930 JavaThread "Daemon health stats" [_thread_blocked, id=2692, stack(0x000000c0a3300000,0x000000c0a3400000)]
  0x00000293b7e88b10 JavaThread "Incoming local TCP Connector on port 49939" [_thread_in_native, id=8748, stack(0x000000c0a2f00000,0x000000c0a3000000)]
  0x00000293b7003530 JavaThread "Daemon periodic checks" [_thread_blocked, id=8320, stack(0x000000c0a3400000,0x000000c0a3500000)]
  0x00000293b7a81a40 JavaThread "Daemon" [_thread_blocked, id=836, stack(0x000000c0a3500000,0x000000c0a3600000)]
  0x00000293b903ac90 JavaThread "Handler for socket connection from /127.0.0.1:49939 to /127.0.0.1:49940" [_thread_in_native, id=1480, stack(0x000000c0a3600000,0x000000c0a3700000)]
  0x00000293b944a720 JavaThread "Cancel handler" [_thread_blocked, id=6516, stack(0x000000c0a3700000,0x000000c0a3800000)]
  0x00000293b9836810 JavaThread "Daemon worker" [_thread_in_vm, id=8068, stack(0x000000c0a3800000,0x000000c0a3900000)]
  0x00000293b7b3be80 JavaThread "Asynchronous log dispatcher for DefaultDaemonConnection: socket connection from /127.0.0.1:49939 to /127.0.0.1:49940" [_thread_blocked, id=5540, stack(0x000000c0a3900000,0x000000c0a3a00000)]
  0x00000293b7b3e9d0 JavaThread "Stdin handler" [_thread_blocked, id=9036, stack(0x000000c0a3a00000,0x000000c0a3b00000)]
  0x00000293b7b3d690 JavaThread "Daemon client event forwarder" [_thread_blocked, id=7664, stack(0x000000c0a3b00000,0x000000c0a3c00000)]
  0x00000293b7b3db60 JavaThread "Cache worker for journal cache (C:\Users\Emmerh\.gradle\caches\journal-1)" [_thread_blocked, id=6504, stack(0x000000c0a3c00000,0x000000c0a3d00000)]
  0x00000293b7b3d1c0 JavaThread "File lock request listener" [_thread_in_native, id=8676, stack(0x000000c0a3d00000,0x000000c0a3e00000)]
  0x00000293b7b3ccf0 JavaThread "Cache worker for file hash cache (C:\Users\Emmerh\.gradle\caches\8.0\fileHashes)" [_thread_blocked, id=3636, stack(0x000000c0a3e00000,0x000000c0a3f00000)]
  0x00000293b7b3b9b0 JavaThread "File watcher server" daemon [_thread_in_native, id=5364, stack(0x000000c0a4000000,0x000000c0a4100000)]
  0x00000293b7b3f370 JavaThread "File watcher consumer" daemon [_thread_blocked, id=5020, stack(0x000000c0a4100000,0x000000c0a4200000)]
  0x00000293b7b3e030 JavaThread "jar transforms" [_thread_blocked, id=6692, stack(0x000000c0a4200000,0x000000c0a4300000)]
  0x00000293bae7d220 JavaThread "jar transforms Thread 2" [_thread_blocked, id=3908, stack(0x000000c0a4300000,0x000000c0a4400000)]
  0x00000293bae7f3d0 JavaThread "jar transforms Thread 3" [_thread_blocked, id=4104, stack(0x000000c0a4400000,0x000000c0a4500000)]
  0x00000293bae7e560 JavaThread "jar transforms Thread 4" [_thread_blocked, id=6976, stack(0x000000c0a4500000,0x000000c0a4600000)]
  0x00000293bae828c0 JavaThread "Cache worker for checksums cache (C:\Users\Emmerh\AndroidStudioProjects\MyApplication\.gradle\8.0\checksums)" [_thread_blocked, id=5396, stack(0x000000c0a4600000,0x000000c0a4700000)]
  0x00000293bae7c880 JavaThread "Cache worker for cache directory md-rule (C:\Users\Emmerh\.gradle\caches\8.0\md-rule)" [_thread_blocked, id=3620, stack(0x000000c0a4700000,0x000000c0a4800000)]
  0x00000293bae7f8a0 JavaThread "Cache worker for file content cache (C:\Users\Emmerh\.gradle\caches\8.0\fileContent)" [_thread_blocked, id=2668, stack(0x000000c0a4800000,0x000000c0a4900000)]
  0x00000293bae7cd50 JavaThread "Cache worker for file hash cache (C:\Users\Emmerh\AndroidStudioProjects\MyApplication\.gradle\8.0\fileHashes)" [_thread_blocked, id=6892, stack(0x000000c0a4900000,0x000000c0a4a00000)]
  0x00000293bae7d6f0 JavaThread "Cache worker for cache directory md-supplier (C:\Users\Emmerh\.gradle\caches\8.0\md-supplier)" [_thread_blocked, id=3236, stack(0x000000c0a4a00000,0x000000c0a4b00000)]
  0x00000293bae80240 JavaThread "Cache worker for execution history cache (C:\Users\Emmerh\.gradle\caches\8.0\executionHistory)" [_thread_blocked, id=6408, stack(0x000000c0a4b00000,0x000000c0a4c00000)]
  0x00000293bae81a50 JavaThread "Cache worker for kotlin-dsl (C:\Users\Emmerh\.gradle\caches\8.0\kotlin-dsl)" [_thread_blocked, id=8428, stack(0x000000c0a4c00000,0x000000c0a4d00000)]
  0x00000293bae7ba10 JavaThread "Cache worker for dependencies-accessors (C:\Users\Emmerh\AndroidStudioProjects\MyApplication\.gradle\8.0\dependencies-accessors)" [_thread_blocked, id=4988, stack(0x000000c0a4d00000,0x000000c0a4e00000)]
  0x00000293bae7b070 JavaThread "Cache worker for Build Output Cleanup Cache (C:\Users\Emmerh\AndroidStudioProjects\MyApplication\.gradle\buildOutputCleanup)" [_thread_blocked, id=5836, stack(0x000000c0a4e00000,0x000000c0a4f00000)]
  0x00000293bae810b0 JavaThread "Unconstrained build operations" [_thread_blocked, id=4744, stack(0x000000c0a4f00000,0x000000c0a5000000)]
  0x00000293bae7b540 JavaThread "Unconstrained build operations Thread 2" [_thread_blocked, id=2348, stack(0x000000c0a5000000,0x000000c0a5100000)]
  0x00000293bae7c3b0 JavaThread "Unconstrained build operations Thread 3" [_thread_blocked, id=1736, stack(0x000000c0a5100000,0x000000c0a5200000)]
  0x00000293bae81580 JavaThread "Unconstrained build operations Thread 4" [_thread_blocked, id=7260, stack(0x000000c0a5200000,0x000000c0a5300000)]
  0x00000293bae7ea30 JavaThread "Unconstrained build operations Thread 5" [_thread_blocked, id=8288, stack(0x000000c0a5300000,0x000000c0a5400000)]
  0x00000293bbb59230 JavaThread "Unconstrained build operations Thread 6" [_thread_blocked, id=7312, stack(0x000000c0a5400000,0x000000c0a5500000)]
  0x00000293bbb56210 JavaThread "Unconstrained build operations Thread 7" [_thread_blocked, id=1932, stack(0x000000c0a5500000,0x000000c0a5600000)]
  0x00000293bbb5b3e0 JavaThread "Unconstrained build operations Thread 8" [_thread_blocked, id=1884, stack(0x000000c0a5600000,0x000000c0a5700000)]
  0x00000293bbb583c0 JavaThread "Unconstrained build operations Thread 9" [_thread_blocked, id=5560, stack(0x000000c0a5700000,0x000000c0a5800000)]
  0x00000293bbb57ef0 JavaThread "Unconstrained build operations Thread 10" [_thread_blocked, id=7040, stack(0x000000c0a5800000,0x000000c0a5900000)]
  0x00000293bbb5af10 JavaThread "Unconstrained build operations Thread 11" [_thread_blocked, id=2232, stack(0x000000c0a5900000,0x000000c0a5a00000)]
  0x00000293bbb59700 JavaThread "Unconstrained build operations Thread 12" [_thread_blocked, id=6380, stack(0x000000c0a5a00000,0x000000c0a5b00000)]
  0x00000293bbb54a00 JavaThread "Unconstrained build operations Thread 13" [_thread_blocked, id=5092, stack(0x000000c0a5b00000,0x000000c0a5c00000)]
  0x00000293bbb56bb0 JavaThread "Unconstrained build operations Thread 14" [_thread_blocked, id=6444, stack(0x000000c0a5c00000,0x000000c0a5d00000)]
  0x00000293bbb57080 JavaThread "Unconstrained build operations Thread 15" [_thread_blocked, id=6928, stack(0x000000c0a5d00000,0x000000c0a5e00000)]
  0x00000293bbb57a20 JavaThread "Unconstrained build operations Thread 16" [_thread_blocked, id=5400, stack(0x000000c0a5e00000,0x000000c0a5f00000)]
  0x00000293bbb553a0 JavaThread "Unconstrained build operations Thread 17" [_thread_blocked, id=4172, stack(0x000000c0a5f00000,0x000000c0a6000000)]
  0x00000293bbb59bd0 JavaThread "Unconstrained build operations Thread 18" [_thread_blocked, id=4148, stack(0x000000c0a6000000,0x000000c0a6100000)]
  0x00000293bbb566e0 JavaThread "Unconstrained build operations Thread 19" [_thread_blocked, id=6672, stack(0x000000c0a6100000,0x000000c0a6200000)]
  0x00000293bbb55d40 JavaThread "Unconstrained build operations Thread 20" [_thread_blocked, id=9212, stack(0x000000c0a6200000,0x000000c0a6300000)]
  0x00000293bbb57550 JavaThread "Unconstrained build operations Thread 21" [_thread_blocked, id=6468, stack(0x000000c0a6300000,0x000000c0a6400000)]
  0x00000293bbb5a0a0 JavaThread "Unconstrained build operations Thread 22" [_thread_blocked, id=8976, stack(0x000000c0a6400000,0x000000c0a6500000)]
  0x00000293bbb5b8b0 JavaThread "Unconstrained build operations Thread 23" [_thread_blocked, id=3300, stack(0x000000c0a6500000,0x000000c0a6600000)]
  0x00000293bbb5a570 JavaThread "Unconstrained build operations Thread 24" [_thread_blocked, id=6400, stack(0x000000c0a6600000,0x000000c0a6700000)]
  0x00000293bbb58890 JavaThread "Unconstrained build operations Thread 25" [_thread_blocked, id=8972, stack(0x000000c0a6700000,0x000000c0a6800000)]
  0x00000293bbb5aa40 JavaThread "Unconstrained build operations Thread 26" [_thread_blocked, id=2432, stack(0x000000c0a6800000,0x000000c0a6900000)]
  0x00000293bbb54530 JavaThread "Unconstrained build operations Thread 27" [_thread_blocked, id=3152, stack(0x000000c0a6900000,0x000000c0a6a00000)]
  0x00000293bbb54ed0 JavaThread "Unconstrained build operations Thread 28" [_thread_blocked, id=3364, stack(0x000000c0a6a00000,0x000000c0a6b00000)]
  0x00000293bbb58d60 JavaThread "Unconstrained build operations Thread 29" [_thread_blocked, id=7764, stack(0x000000c0a6b00000,0x000000c0a6c00000)]
  0x00000293bbb54060 JavaThread "Unconstrained build operations Thread 30" [_thread_blocked, id=8148, stack(0x000000c0a6c00000,0x000000c0a6d00000)]
  0x00000293bbb55870 JavaThread "Unconstrained build operations Thread 31" [_thread_blocked, id=6804, stack(0x000000c0a6d00000,0x000000c0a6e00000)]
  0x00000293b7074660 JavaThread "Unconstrained build operations Thread 32" [_thread_blocked, id=2968, stack(0x000000c0a6e00000,0x000000c0a6f00000)]
  0x00000293b7073cc0 JavaThread "Unconstrained build operations Thread 33" [_thread_blocked, id=3576, stack(0x000000c0a6f00000,0x000000c0a7000000)]
  0x00000293b7072980 JavaThread "Unconstrained build operations Thread 34" [_thread_blocked, id=2896, stack(0x000000c0a7000000,0x000000c0a7100000)]
  0x00000293b7072e50 JavaThread "Unconstrained build operations Thread 35" [_thread_blocked, id=7428, stack(0x000000c0a7100000,0x000000c0a7200000)]
  0x00000293b706fe30 JavaThread "Unconstrained build operations Thread 36" [_thread_blocked, id=6024, stack(0x000000c0a7200000,0x000000c0a7300000)]
  0x00000293b7074b30 JavaThread "Unconstrained build operations Thread 37" [_thread_blocked, id=8380, stack(0x000000c0a7300000,0x000000c0a7400000)]
  0x00000293b7075000 JavaThread "Unconstrained build operations Thread 38" [_thread_blocked, id=1956, stack(0x000000c0a7400000,0x000000c0a7500000)]
  0x00000293b706f960 JavaThread "Unconstrained build operations Thread 39" [_thread_blocked, id=7824, stack(0x000000c0a7500000,0x000000c0a7600000)]
  0x00000293b70759a0 JavaThread "Unconstrained build operations Thread 40" [_thread_blocked, id=5468, stack(0x000000c0a7600000,0x000000c0a7700000)]
  0x00000293b7075e70 JavaThread "Memory manager" [_thread_blocked, id=972, stack(0x000000c0a7700000,0x000000c0a7800000)]
=>0x00000293b9378b10 JavaThread "C2 CompilerThread1" daemon [_thread_in_native, id=2560, stack(0x000000c0a3f00000,0x000000c0a4000000)]

Other Threads:
  0x00000293b5f21eb0 VMThread "VM Thread" [stack: 0x000000c0a2200000,0x000000c0a2300000] [id=1948]
  0x00000293b5f9a820 WatcherThread [stack: 0x000000c0a2e00000,0x000000c0a2f00000] [id=4540]
  0x000002939ca13700 GCTaskThread "GC Thread#0" [stack: 0x000000c0a1d00000,0x000000c0a1e00000] [id=4356]
  0x00000293b6cf1db0 GCTaskThread "GC Thread#1" [stack: 0x000000c0a3000000,0x000000c0a3100000] [id=5904]
  0x00000293b7311620 GCTaskThread "GC Thread#2" [stack: 0x000000c0a3100000,0x000000c0a3200000] [id=5800]
  0x00000293b78f8720 GCTaskThread "GC Thread#3" [stack: 0x000000c0a3200000,0x000000c0a3300000] [id=3680]
  0x000002939ca247a0 ConcurrentGCThread "G1 Main Marker" [stack: 0x000000c0a1e00000,0x000000c0a1f00000] [id=4372]
  0x000002939ca26800 ConcurrentGCThread "G1 Conc#0" [stack: 0x000000c0a1f00000,0x000000c0a2000000] [id=4520]
  0x00000293b5dd00a0 ConcurrentGCThread "G1 Refine#0" [stack: 0x000000c0a2000000,0x000000c0a2100000] [id=1512]
  0x00000293b5dd0870 ConcurrentGCThread "G1 Service" [stack: 0x000000c0a2100000,0x000000c0a2200000] [id=1524]

Threads with active compile tasks:
C2 CompilerThread0    29876 7687       4       jdk.internal.loader.URLClassPath::getResource (74 bytes)
C2 CompilerThread1    29876 7632       4       org.gradle.cache.internal.btree.FreeListBlockStore::read (12 bytes)

VM state: not at safepoint (normal execution)

VM Mutex/Monitor currently owned by a thread: None

Heap address: 0x0000000080000000, size: 2048 MB, Compressed Oops mode: 32-bit

CDS archive(s) not mapped
Compressed class space mapped at: 0x0000000100000000-0x0000000140000000, reserved size: 1073741824
Narrow klass base: 0x0000000000000000, Narrow klass shift: 3, Narrow klass range: 0x140000000

GC Precious Log:
 CPUs: 4 total, 4 available
 Memory: 8074M
 Large Page Support: Disabled
 NUMA Support: Disabled
 Compressed Oops: Enabled (32-bit)
 Heap Region Size: 1M
 Heap Min Capacity: 8M
 Heap Initial Capacity: 128M
 Heap Max Capacity: 2G
 Pre-touch: Disabled
 Parallel Workers: 4
 Concurrent Workers: 1
 Concurrent Refinement Workers: 4
 Periodic GC: Disabled

Heap:
 garbage-first heap   total 177152K, used 108509K [0x0000000080000000, 0x0000000100000000)
  region size 1024K, 22 young (22528K), 5 survivors (5120K)
 Metaspace       used 76937K, committed 77568K, reserved 1122304K
  class space    used 10205K, committed 10496K, reserved 1048576K

Heap Regions: E=young(eden), S=young(survivor), O=old, HS=humongous(starts), HC=humongous(continues), CS=collection set, F=free, OA=open archive, CA=closed archive, TAMS=top-at-mark-start (previous, next)
|   0|0x0000000080000000, 0x0000000080100000, 0x0000000080100000|100%| O|  |TAMS 0x0000000080100000, 0x0000000080000000| Untracked 
|   1|0x0000000080100000, 0x0000000080200000, 0x0000000080200000|100%| O|  |TAMS 0x0000000080200000, 0x0000000080100000| Untracked 
|   2|0x0000000080200000, 0x0000000080300000, 0x0000000080300000|100%|HS|  |TAMS 0x0000000080300000, 0x0000000080200000| Complete 
|   3|0x0000000080300000, 0x0000000080400000, 0x0000000080400000|100%|HC|  |TAMS 0x0000000080400000, 0x0000000080300000| Complete 
|   4|0x0000000080400000, 0x0000000080500000, 0x0000000080500000|100%|HC|  |TAMS 0x0000000080500000, 0x0000000080400000| Complete 
|   5|0x0000000080500000, 0x0000000080600000, 0x0000000080600000|100%|HC|  |TAMS 0x0000000080600000, 0x0000000080500000| Complete 
|   6|0x0000000080600000, 0x0000000080700000, 0x0000000080700000|100%| O|  |TAMS 0x0000000080700000, 0x0000000080600000| Untracked 
|   7|0x0000000080700000, 0x0000000080800000, 0x0000000080800000|100%| O|  |TAMS 0x0000000080800000, 0x0000000080700000| Untracked 
|   8|0x0000000080800000, 0x0000000080900000, 0x0000000080900000|100%| O|  |TAMS 0x0000000080900000, 0x0000000080800000| Untracked 
|   9|0x0000000080900000, 0x0000000080a00000, 0x0000000080a00000|100%| O|  |TAMS 0x0000000080a00000, 0x0000000080900000| Untracked 
|  10|0x0000000080a00000, 0x0000000080b00000, 0x0000000080b00000|100%| O|  |TAMS 0x0000000080b00000, 0x0000000080a00000| Untracked 
|  11|0x0000000080b00000, 0x0000000080c00000, 0x0000000080c00000|100%| O|  |TAMS 0x0000000080c00000, 0x0000000080b00000| Untracked 
|  12|0x0000000080c00000, 0x0000000080d00000, 0x0000000080d00000|100%| O|  |TAMS 0x0000000080d00000, 0x0000000080c00000| Untracked 
|  13|0x0000000080d00000, 0x0000000080e00000, 0x0000000080e00000|100%| O|  |TAMS 0x0000000080e00000, 0x0000000080d00000| Untracked 
|  14|0x0000000080e00000, 0x0000000080f00000, 0x0000000080f00000|100%| O|  |TAMS 0x0000000080f00000, 0x0000000080e00000| Untracked 
|  15|0x0000000080f00000, 0x0000000081000000, 0x0000000081000000|100%| O|  |TAMS 0x0000000081000000, 0x0000000080f00000| Untracked 
|  16|0x0000000081000000, 0x0000000081100000, 0x0000000081100000|100%| O|  |TAMS 0x0000000081100000, 0x0000000081000000| Untracked 
|  17|0x0000000081100000, 0x0000000081200000, 0x0000000081200000|100%| O|  |TAMS 0x0000000081200000, 0x0000000081100000| Untracked 
|  18|0x0000000081200000, 0x0000000081300000, 0x0000000081300000|100%| O|  |TAMS 0x0000000081300000, 0x0000000081200000| Untracked 
|  19|0x0000000081300000, 0x0000000081400000, 0x0000000081400000|100%| O|  |TAMS 0x0000000081400000, 0x0000000081300000| Untracked 
|  20|0x0000000081400000, 0x0000000081500000, 0x0000000081500000|100%| O|  |TAMS 0x0000000081500000, 0x0000000081400000| Untracked 
|  21|0x0000000081500000, 0x0000000081600000, 0x0000000081600000|100%|HS|  |TAMS 0x0000000081600000, 0x0000000081500000| Complete 
|  22|0x0000000081600000, 0x0000000081700000, 0x0000000081700000|100%|HC|  |TAMS 0x0000000081700000, 0x0000000081600000| Complete 
|  23|0x0000000081700000, 0x0000000081800000, 0x0000000081800000|100%|HS|  |TAMS 0x0000000081800000, 0x0000000081700000| Complete 
|  24|0x0000000081800000, 0x0000000081900000, 0x0000000081900000|100%|HC|  |TAMS 0x0000000081900000, 0x0000000081800000| Complete 
|  25|0x0000000081900000, 0x0000000081a00000, 0x0000000081a00000|100%|HC|  |TAMS 0x0000000081a00000, 0x0000000081900000| Complete 
|  26|0x0000000081a00000, 0x0000000081b00000, 0x0000000081b00000|100%|HS|  |TAMS 0x0000000081b00000, 0x0000000081a00000| Complete 
|  27|0x0000000081b00000, 0x0000000081c00000, 0x0000000081c00000|100%|HC|  |TAMS 0x0000000081c00000, 0x0000000081b00000| Complete 
|  28|0x0000000081c00000, 0x0000000081d00000, 0x0000000081d00000|100%|HC|  |TAMS 0x0000000081d00000, 0x0000000081c00000| Complete 
|  29|0x0000000081d00000, 0x0000000081e00000, 0x0000000081e00000|100%|HS|  |TAMS 0x0000000081e00000, 0x0000000081d00000| Complete 
|  30|0x0000000081e00000, 0x0000000081f00000, 0x0000000081f00000|100%|HC|  |TAMS 0x0000000081f00000, 0x0000000081e00000| Complete 
|  31|0x0000000081f00000, 0x0000000082000000, 0x0000000082000000|100%|HC|  |TAMS 0x0000000082000000, 0x0000000081f00000| Complete 
|  32|0x0000000082000000, 0x0000000082100000, 0x0000000082100000|100%|HC|  |TAMS 0x0000000082100000, 0x0000000082000000| Complete 
|  33|0x0000000082100000, 0x0000000082200000, 0x0000000082200000|100%|HC|  |TAMS 0x0000000082200000, 0x0000000082100000| Complete 
|  34|0x0000000082200000, 0x0000000082300000, 0x0000000082300000|100%|HC|  |TAMS 0x0000000082300000, 0x0000000082200000| Complete 
|  35|0x0000000082300000, 0x0000000082400000, 0x0000000082400000|100%|HC|  |TAMS 0x0000000082400000, 0x0000000082300000| Complete 
|  36|0x0000000082400000, 0x0000000082500000, 0x0000000082500000|100%|HC|  |TAMS 0x0000000082500000, 0x0000000082400000| Complete 
|  37|0x0000000082500000, 0x0000000082600000, 0x0000000082600000|100%|HC|  |TAMS 0x0000000082600000, 0x0000000082500000| Complete 
|  38|0x0000000082600000, 0x0000000082700000, 0x0000000082700000|100%|HC|  |TAMS 0x0000000082700000, 0x0000000082600000| Complete 
|  39|0x0000000082700000, 0x0000000082800000, 0x0000000082800000|100%|HC|  |TAMS 0x0000000082800000, 0x0000000082700000| Complete 
|  40|0x0000000082800000, 0x0000000082900000, 0x0000000082900000|100%|HC|  |TAMS 0x0000000082900000, 0x0000000082800000| Complete 
|  41|0x0000000082900000, 0x0000000082a00000, 0x0000000082a00000|100%| O|  |TAMS 0x0000000082a00000, 0x0000000082900000| Untracked 
|  42|0x0000000082a00000, 0x0000000082b00000, 0x0000000082b00000|100%|HS|  |TAMS 0x0000000082b00000, 0x0000000082a00000| Complete 
|  43|0x0000000082b00000, 0x0000000082c00000, 0x0000000082c00000|100%|HC|  |TAMS 0x0000000082c00000, 0x0000000082b00000| Complete 
|  44|0x0000000082c00000, 0x0000000082d00000, 0x0000000082d00000|100%| O|  |TAMS 0x0000000082d00000, 0x0000000082c00000| Untracked 
|  45|0x0000000082d00000, 0x0000000082e00000, 0x0000000082e00000|100%| O|  |TAMS 0x0000000082e00000, 0x0000000082d00000| Untracked 
|  46|0x0000000082e00000, 0x0000000082f00000, 0x0000000082f00000|100%| O|  |TAMS 0x0000000082f00000, 0x0000000082e00000| Untracked 
|  47|0x0000000082f00000, 0x0000000083000000, 0x0000000083000000|100%| O|  |TAMS 0x0000000083000000, 0x0000000082f00000| Untracked 
|  48|0x0000000083000000, 0x0000000083100000, 0x0000000083100000|100%| O|  |TAMS 0x0000000083100000, 0x0000000083000000| Untracked 
|  49|0x0000000083100000, 0x0000000083200000, 0x0000000083200000|100%| O|  |TAMS 0x0000000083200000, 0x0000000083100000| Untracked 
|  50|0x0000000083200000, 0x0000000083300000, 0x0000000083300000|100%| O|  |TAMS 0x0000000083300000, 0x0000000083200000| Untracked 
|  51|0x0000000083300000, 0x0000000083400000, 0x0000000083400000|100%| O|  |TAMS 0x0000000083400000, 0x0000000083300000| Untracked 
|  52|0x0000000083400000, 0x0000000083500000, 0x0000000083500000|100%| O|  |TAMS 0x0000000083500000, 0x0000000083400000| Untracked 
|  53|0x0000000083500000, 0x0000000083600000, 0x0000000083600000|100%| O|  |TAMS 0x0000000083600000, 0x0000000083500000| Untracked 
|  54|0x0000000083600000, 0x0000000083700000, 0x0000000083700000|100%| O|  |TAMS 0x0000000083700000, 0x0000000083600000| Untracked 
|  55|0x0000000083700000, 0x0000000083800000, 0x0000000083800000|100%|HS|  |TAMS 0x0000000083800000, 0x0000000083700000| Complete 
|  56|0x0000000083800000, 0x0000000083900000, 0x0000000083900000|100%|HC|  |TAMS 0x0000000083900000, 0x0000000083800000| Complete 
|  57|0x0000000083900000, 0x0000000083a00000, 0x0000000083a00000|100%|HC|  |TAMS 0x0000000083a00000, 0x0000000083900000| Complete 
|  58|0x0000000083a00000, 0x0000000083b00000, 0x0000000083b00000|100%|HS|  |TAMS 0x0000000083b00000, 0x0000000083a00000| Complete 
|  59|0x0000000083b00000, 0x0000000083c00000, 0x0000000083c00000|100%|HC|  |TAMS 0x0000000083c00000, 0x0000000083b00000| Complete 
|  60|0x0000000083c00000, 0x0000000083d00000, 0x0000000083d00000|100%|HC|  |TAMS 0x0000000083d00000, 0x0000000083c00000| Complete 
|  61|0x0000000083d00000, 0x0000000083e00000, 0x0000000083e00000|100%| O|  |TAMS 0x0000000083e00000, 0x0000000083d00000| Untracked 
|  62|0x0000000083e00000, 0x0000000083f00000, 0x0000000083f00000|100%| O|  |TAMS 0x0000000083f00000, 0x0000000083e00000| Untracked 
|  63|0x0000000083f00000, 0x0000000084000000, 0x0000000084000000|100%| O|  |TAMS 0x0000000084000000, 0x0000000083f00000| Untracked 
|  64|0x0000000084000000, 0x0000000084100000, 0x0000000084100000|100%| O|  |TAMS 0x0000000084100000, 0x0000000084000000| Untracked 
|  65|0x0000000084100000, 0x0000000084200000, 0x0000000084200000|100%| O|  |TAMS 0x0000000084200000, 0x0000000084100000| Untracked 
|  66|0x0000000084200000, 0x0000000084300000, 0x0000000084300000|100%| O|  |TAMS 0x0000000084300000, 0x0000000084200000| Untracked 
|  67|0x0000000084300000, 0x0000000084400000, 0x0000000084400000|100%| O|  |TAMS 0x0000000084400000, 0x0000000084300000| Untracked 
|  68|0x0000000084400000, 0x0000000084500000, 0x0000000084500000|100%| O|  |TAMS 0x0000000084500000, 0x0000000084400000| Untracked 
|  69|0x0000000084500000, 0x0000000084600000, 0x0000000084600000|100%| O|  |TAMS 0x0000000084600000, 0x0000000084500000| Untracked 
|  70|0x0000000084600000, 0x0000000084700000, 0x0000000084700000|100%|HS|  |TAMS 0x0000000084700000, 0x0000000084600000| Complete 
|  71|0x0000000084700000, 0x0000000084800000, 0x0000000084800000|100%|HS|  |TAMS 0x0000000084800000, 0x0000000084700000| Complete 
|  72|0x0000000084800000, 0x0000000084900000, 0x0000000084900000|100%|HS|  |TAMS 0x0000000084900000, 0x0000000084800000| Complete 
|  73|0x0000000084900000, 0x0000000084a00000, 0x0000000084a00000|100%| O|  |TAMS 0x0000000084a00000, 0x0000000084900000| Untracked 
|  74|0x0000000084a00000, 0x0000000084b00000, 0x0000000084b00000|100%| O|  |TAMS 0x0000000084b00000, 0x0000000084a00000| Untracked 
|  75|0x0000000084b00000, 0x0000000084c00000, 0x0000000084c00000|100%| O|  |TAMS 0x0000000084c00000, 0x0000000084b00000| Untracked 
|  76|0x0000000084c00000, 0x0000000084d00000, 0x0000000084d00000|100%| O|  |TAMS 0x0000000084d00000, 0x0000000084c00000| Untracked 
|  77|0x0000000084d00000, 0x0000000084e00000, 0x0000000084e00000|100%| O|  |TAMS 0x0000000084e00000, 0x0000000084d00000| Untracked 
|  78|0x0000000084e00000, 0x0000000084f00000, 0x0000000084f00000|100%| O|  |TAMS 0x0000000084f00000, 0x0000000084e00000| Untracked 
|  79|0x0000000084f00000, 0x0000000085000000, 0x0000000085000000|100%| O|  |TAMS 0x0000000085000000, 0x0000000084f00000| Untracked 
|  80|0x0000000085000000, 0x0000000085100000, 0x0000000085100000|100%| O|  |TAMS 0x0000000085100000, 0x0000000085000000| Untracked 
|  81|0x0000000085100000, 0x0000000085100000, 0x0000000085200000|  0%| F|  |TAMS 0x0000000085100000, 0x0000000085100000| Untracked 
|  82|0x0000000085200000, 0x0000000085200000, 0x0000000085300000|  0%| F|  |TAMS 0x0000000085200000, 0x0000000085200000| Untracked 
|  83|0x0000000085300000, 0x0000000085300000, 0x0000000085400000|  0%| F|  |TAMS 0x0000000085300000, 0x0000000085300000| Untracked 
|  84|0x0000000085400000, 0x0000000085400000, 0x0000000085500000|  0%| F|  |TAMS 0x0000000085400000, 0x0000000085400000| Untracked 
|  85|0x0000000085500000, 0x0000000085500000, 0x0000000085600000|  0%| F|  |TAMS 0x0000000085500000, 0x0000000085500000| Untracked 
|  86|0x0000000085600000, 0x0000000085700000, 0x0000000085700000|100%| O|  |TAMS 0x0000000085700000, 0x0000000085600000| Untracked 
|  87|0x0000000085700000, 0x0000000085800000, 0x0000000085800000|100%| O|  |TAMS 0x0000000085800000, 0x0000000085700000| Untracked 
|  88|0x0000000085800000, 0x0000000085900000, 0x0000000085900000|100%| O|  |TAMS 0x0000000085900000, 0x0000000085800000| Untracked 
|  89|0x0000000085900000, 0x00000000859f7400, 0x0000000085a00000| 96%| O|  |TAMS 0x00000000859f7400, 0x0000000085900000| Untracked 
|  90|0x0000000085a00000, 0x0000000085a00000, 0x0000000085b00000|  0%| F|  |TAMS 0x0000000085a00000, 0x0000000085a00000| Untracked 
|  91|0x0000000085b00000, 0x0000000085b00000, 0x0000000085c00000|  0%| F|  |TAMS 0x0000000085b00000, 0x0000000085b00000| Untracked 
|  92|0x0000000085c00000, 0x0000000085c00000, 0x0000000085d00000|  0%| F|  |TAMS 0x0000000085c00000, 0x0000000085c00000| Untracked 
|  93|0x0000000085d00000, 0x0000000085d00000, 0x0000000085e00000|  0%| F|  |TAMS 0x0000000085d00000, 0x0000000085d00000| Untracked 
|  94|0x0000000085e00000, 0x0000000085e00000, 0x0000000085f00000|  0%| F|  |TAMS 0x0000000085e00000, 0x0000000085e00000| Untracked 
|  95|0x0000000085f00000, 0x0000000085f00000, 0x0000000086000000|  0%| F|  |TAMS 0x0000000085f00000, 0x0000000085f00000| Untracked 
|  96|0x0000000086000000, 0x0000000086000000, 0x0000000086100000|  0%| F|  |TAMS 0x0000000086000000, 0x0000000086000000| Untracked 
|  97|0x0000000086100000, 0x0000000086100000, 0x0000000086200000|  0%| F|  |TAMS 0x0000000086100000, 0x0000000086100000| Untracked 
|  98|0x0000000086200000, 0x0000000086200000, 0x0000000086300000|  0%| F|  |TAMS 0x0000000086200000, 0x0000000086200000| Untracked 
|  99|0x0000000086300000, 0x0000000086300000, 0x0000000086400000|  0%| F|  |TAMS 0x0000000086300000, 0x0000000086300000| Untracked 
| 100|0x0000000086400000, 0x0000000086400000, 0x0000000086500000|  0%| F|  |TAMS 0x0000000086400000, 0x0000000086400000| Untracked 
| 101|0x0000000086500000, 0x0000000086500000, 0x0000000086600000|  0%| F|  |TAMS 0x0000000086500000, 0x0000000086500000| Untracked 
| 102|0x0000000086600000, 0x0000000086600000, 0x0000000086700000|  0%| F|  |TAMS 0x0000000086600000, 0x0000000086600000| Untracked 
| 103|0x0000000086700000, 0x0000000086700000, 0x0000000086800000|  0%| F|  |TAMS 0x0000000086700000, 0x0000000086700000| Untracked 
| 104|0x0000000086800000, 0x0000000086800000, 0x0000000086900000|  0%| F|  |TAMS 0x0000000086800000, 0x0000000086800000| Untracked 
| 105|0x0000000086900000, 0x0000000086900000, 0x0000000086a00000|  0%| F|  |TAMS 0x0000000086900000, 0x0000000086900000| Untracked 
| 106|0x0000000086a00000, 0x0000000086a00000, 0x0000000086b00000|  0%| F|  |TAMS 0x0000000086a00000, 0x0000000086a00000| Untracked 
| 107|0x0000000086b00000, 0x0000000086b00000, 0x0000000086c00000|  0%| F|  |TAMS 0x0000000086b00000, 0x0000000086b00000| Untracked 
| 108|0x0000000086c00000, 0x0000000086c00000, 0x0000000086d00000|  0%| F|  |TAMS 0x0000000086c00000, 0x0000000086c00000| Untracked 
| 109|0x0000000086d00000, 0x0000000086d00000, 0x0000000086e00000|  0%| F|  |TAMS 0x0000000086d00000, 0x0000000086d00000| Untracked 
| 110|0x0000000086e00000, 0x0000000086e00000, 0x0000000086f00000|  0%| F|  |TAMS 0x0000000086e00000, 0x0000000086e00000| Untracked 
| 111|0x0000000086f00000, 0x0000000086f00000, 0x0000000087000000|  0%| F|  |TAMS 0x0000000086f00000, 0x0000000086f00000| Untracked 
| 112|0x0000000087000000, 0x0000000087000000, 0x0000000087100000|  0%| F|  |TAMS 0x0000000087000000, 0x0000000087000000| Untracked 
| 113|0x0000000087100000, 0x0000000087100000, 0x0000000087200000|  0%| F|  |TAMS 0x0000000087100000, 0x0000000087100000| Untracked 
| 114|0x0000000087200000, 0x0000000087200000, 0x0000000087300000|  0%| F|  |TAMS 0x0000000087200000, 0x0000000087200000| Untracked 
| 115|0x0000000087300000, 0x0000000087300000, 0x0000000087400000|  0%| F|  |TAMS 0x0000000087300000, 0x0000000087300000| Untracked 
| 116|0x0000000087400000, 0x0000000087400000, 0x0000000087500000|  0%| F|  |TAMS 0x0000000087400000, 0x0000000087400000| Untracked 
| 117|0x0000000087500000, 0x0000000087500000, 0x0000000087600000|  0%| F|  |TAMS 0x0000000087500000, 0x0000000087500000| Untracked 
| 118|0x0000000087600000, 0x0000000087600000, 0x0000000087700000|  0%| F|  |TAMS 0x0000000087600000, 0x0000000087600000| Untracked 
| 119|0x0000000087700000, 0x0000000087700000, 0x0000000087800000|  0%| F|  |TAMS 0x0000000087700000, 0x0000000087700000| Untracked 
| 120|0x0000000087800000, 0x0000000087800000, 0x0000000087900000|  0%| F|  |TAMS 0x0000000087800000, 0x0000000087800000| Untracked 
| 121|0x0000000087900000, 0x0000000087900000, 0x0000000087a00000|  0%| F|  |TAMS 0x0000000087900000, 0x0000000087900000| Untracked 
| 122|0x0000000087a00000, 0x0000000087a00000, 0x0000000087b00000|  0%| F|  |TAMS 0x0000000087a00000, 0x0000000087a00000| Untracked 
| 123|0x0000000087b00000, 0x0000000087b00000, 0x0000000087c00000|  0%| F|  |TAMS 0x0000000087b00000, 0x0000000087b00000| Untracked 
| 124|0x0000000087c00000, 0x0000000087c00000, 0x0000000087d00000|  0%| F|  |TAMS 0x0000000087c00000, 0x0000000087c00000| Untracked 
| 125|0x0000000087d00000, 0x0000000087d00000, 0x0000000087e00000|  0%| F|  |TAMS 0x0000000087d00000, 0x0000000087d00000| Untracked 
| 126|0x0000000087e00000, 0x0000000087e00000, 0x0000000087f00000|  0%| F|  |TAMS 0x0000000087e00000, 0x0000000087e00000| Untracked 
| 127|0x0000000087f00000, 0x0000000088000000, 0x0000000088000000|100%| S|CS|TAMS 0x0000000087f00000, 0x0000000087f00000| Complete 
| 128|0x0000000088000000, 0x0000000088100000, 0x0000000088100000|100%| S|CS|TAMS 0x0000000088000000, 0x0000000088000000| Complete 
| 129|0x0000000088100000, 0x0000000088200000, 0x0000000088200000|100%| S|CS|TAMS 0x0000000088100000, 0x0000000088100000| Complete 
| 130|0x0000000088200000, 0x0000000088200000, 0x0000000088300000|  0%| F|  |TAMS 0x0000000088200000, 0x0000000088200000| Untracked 
| 131|0x0000000088300000, 0x0000000088300000, 0x0000000088400000|  0%| F|  |TAMS 0x0000000088300000, 0x0000000088300000| Untracked 
| 132|0x0000000088400000, 0x0000000088400000, 0x0000000088500000|  0%| F|  |TAMS 0x0000000088400000, 0x0000000088400000| Untracked 
| 133|0x0000000088500000, 0x0000000088600000, 0x0000000088600000|100%| S|CS|TAMS 0x0000000088500000, 0x0000000088500000| Complete 
| 134|0x0000000088600000, 0x0000000088700000, 0x0000000088700000|100%| S|CS|TAMS 0x0000000088600000, 0x0000000088600000| Complete 
| 135|0x0000000088700000, 0x0000000088700000, 0x0000000088800000|  0%| F|  |TAMS 0x0000000088700000, 0x0000000088700000| Untracked 
| 136|0x0000000088800000, 0x0000000088800000, 0x0000000088900000|  0%| F|  |TAMS 0x0000000088800000, 0x0000000088800000| Untracked 
| 137|0x0000000088900000, 0x0000000088900000, 0x0000000088a00000|  0%| F|  |TAMS 0x0000000088900000, 0x0000000088900000| Untracked 
| 138|0x0000000088a00000, 0x0000000088a00000, 0x0000000088b00000|  0%| F|  |TAMS 0x0000000088a00000, 0x0000000088a00000| Untracked 
| 139|0x0000000088b00000, 0x0000000088b00000, 0x0000000088c00000|  0%| F|  |TAMS 0x0000000088b00000, 0x0000000088b00000| Untracked 
| 140|0x0000000088c00000, 0x0000000088c00000, 0x0000000088d00000|  0%| F|  |TAMS 0x0000000088c00000, 0x0000000088c00000| Untracked 
| 141|0x0000000088d00000, 0x0000000088d00000, 0x0000000088e00000|  0%| F|  |TAMS 0x0000000088d00000, 0x0000000088d00000| Untracked 
| 142|0x0000000088e00000, 0x0000000088e00000, 0x0000000088f00000|  0%| F|  |TAMS 0x0000000088e00000, 0x0000000088e00000| Untracked 
| 143|0x0000000088f00000, 0x0000000088f00000, 0x0000000089000000|  0%| F|  |TAMS 0x0000000088f00000, 0x0000000088f00000| Untracked 
| 144|0x0000000089000000, 0x0000000089000000, 0x0000000089100000|  0%| F|  |TAMS 0x0000000089000000, 0x0000000089000000| Untracked 
| 145|0x0000000089100000, 0x0000000089100000, 0x0000000089200000|  0%| F|  |TAMS 0x0000000089100000, 0x0000000089100000| Untracked 
| 146|0x0000000089200000, 0x0000000089200000, 0x0000000089300000|  0%| F|  |TAMS 0x0000000089200000, 0x0000000089200000| Untracked 
| 147|0x0000000089300000, 0x0000000089300000, 0x0000000089400000|  0%| F|  |TAMS 0x0000000089300000, 0x0000000089300000| Untracked 
| 148|0x0000000089400000, 0x0000000089400000, 0x0000000089500000|  0%| F|  |TAMS 0x0000000089400000, 0x0000000089400000| Untracked 
| 149|0x0000000089500000, 0x0000000089500000, 0x0000000089600000|  0%| F|  |TAMS 0x0000000089500000, 0x0000000089500000| Untracked 
| 150|0x0000000089600000, 0x0000000089600000, 0x0000000089700000|  0%| F|  |TAMS 0x0000000089600000, 0x0000000089600000| Untracked 
| 151|0x0000000089700000, 0x0000000089700000, 0x0000000089800000|  0%| F|  |TAMS 0x0000000089700000, 0x0000000089700000| Untracked 
| 152|0x0000000089800000, 0x0000000089800000, 0x0000000089900000|  0%| F|  |TAMS 0x0000000089800000, 0x0000000089800000| Untracked 
| 153|0x0000000089900000, 0x0000000089900000, 0x0000000089a00000|  0%| F|  |TAMS 0x0000000089900000, 0x0000000089900000| Untracked 
| 154|0x0000000089a00000, 0x0000000089a00000, 0x0000000089b00000|  0%| F|  |TAMS 0x0000000089a00000, 0x0000000089a00000| Untracked 
| 155|0x0000000089b00000, 0x0000000089b00000, 0x0000000089c00000|  0%| F|  |TAMS 0x0000000089b00000, 0x0000000089b00000| Untracked 
| 156|0x0000000089c00000, 0x0000000089d00000, 0x0000000089d00000|100%| E|  |TAMS 0x0000000089c00000, 0x0000000089c00000| Complete 
| 157|0x0000000089d00000, 0x0000000089e00000, 0x0000000089e00000|100%| E|CS|TAMS 0x0000000089d00000, 0x0000000089d00000| Complete 
| 158|0x0000000089e00000, 0x0000000089f00000, 0x0000000089f00000|100%| E|CS|TAMS 0x0000000089e00000, 0x0000000089e00000| Complete 
| 159|0x0000000089f00000, 0x000000008a000000, 0x000000008a000000|100%| E|CS|TAMS 0x0000000089f00000, 0x0000000089f00000| Complete 
| 160|0x000000008a000000, 0x000000008a100000, 0x000000008a100000|100%| E|CS|TAMS 0x000000008a000000, 0x000000008a000000| Complete 
| 161|0x000000008a100000, 0x000000008a200000, 0x000000008a200000|100%| E|CS|TAMS 0x000000008a100000, 0x000000008a100000| Complete 
| 162|0x000000008a200000, 0x000000008a300000, 0x000000008a300000|100%| E|CS|TAMS 0x000000008a200000, 0x000000008a200000| Complete 
| 163|0x000000008a300000, 0x000000008a400000, 0x000000008a400000|100%| E|CS|TAMS 0x000000008a300000, 0x000000008a300000| Complete 
| 164|0x000000008a400000, 0x000000008a500000, 0x000000008a500000|100%| E|CS|TAMS 0x000000008a400000, 0x000000008a400000| Complete 
| 165|0x000000008a500000, 0x000000008a600000, 0x000000008a600000|100%| E|CS|TAMS 0x000000008a500000, 0x000000008a500000| Complete 
| 166|0x000000008a600000, 0x000000008a700000, 0x000000008a700000|100%| E|CS|TAMS 0x000000008a600000, 0x000000008a600000| Complete 
| 167|0x000000008a700000, 0x000000008a800000, 0x000000008a800000|100%| E|CS|TAMS 0x000000008a700000, 0x000000008a700000| Complete 
| 168|0x000000008a800000, 0x000000008a900000, 0x000000008a900000|100%| E|CS|TAMS 0x000000008a800000, 0x000000008a800000| Complete 
| 169|0x000000008a900000, 0x000000008aa00000, 0x000000008aa00000|100%| E|CS|TAMS 0x000000008a900000, 0x000000008a900000| Complete 
| 170|0x000000008aa00000, 0x000000008ab00000, 0x000000008ab00000|100%| E|CS|TAMS 0x000000008aa00000, 0x000000008aa00000| Complete 
| 171|0x000000008ab00000, 0x000000008ac00000, 0x000000008ac00000|100%| E|CS|TAMS 0x000000008ab00000, 0x000000008ab00000| Complete 
| 172|0x000000008ac00000, 0x000000008ad00000, 0x000000008ad00000|100%| E|CS|TAMS 0x000000008ac00000, 0x000000008ac00000| Complete 

Card table byte_map: [0x00000293af280000,0x00000293af680000] _byte_map_base: 0x00000293aee80000

Marking Bits (Prev, Next): (CMBitMap*) 0x000002939ca13d50, (CMBitMap*) 0x000002939ca13d10
 Prev Bits: [0x00000293b1a80000, 0x00000293b3a80000)
 Next Bits: [0x00000293afa80000, 0x00000293b1a80000)

Polling page: 0x000002939c180000

Metaspace:

Usage:
  Non-class:     65.23 MB used.
      Class:      9.98 MB used.
       Both:     75.20 MB used.

Virtual space:
  Non-class space:       72.00 MB reserved,      65.56 MB ( 91%) committed,  9 nodes.
      Class space:        1.00 GB reserved,      10.25 MB (  1%) committed,  1 nodes.
             Both:        1.07 GB reserved,      75.81 MB (  7%) committed. 

Chunk freelists:
   Non-Class:  2.38 MB
       Class:  1.69 MB
        Both:  4.06 MB

MaxMetaspaceSize: unlimited
CompressedClassSpaceSize: 1.00 GB
Initial GC threshold: 21.00 MB
Current GC threshold: 124.62 MB
CDS: off
MetaspaceReclaimPolicy: balanced
 - commit_granule_bytes: 65536.
 - commit_granule_words: 8192.
 - virtual_space_node_default_size: 1048576.
 - enlarge_chunks_in_place: 1.
 - new_chunks_are_fully_committed: 0.
 - uncommit_free_chunks: 1.
 - use_allocation_guard: 0.
 - handle_deallocations: 1.


Internal statistics:

num_allocs_failed_limit: 3.
num_arena_births: 824.
num_arena_deaths: 0.
num_vsnodes_births: 10.
num_vsnodes_deaths: 0.
num_space_committed: 1213.
num_space_uncommitted: 0.
num_chunks_returned_to_freelist: 3.
num_chunks_taken_from_freelist: 3483.
num_chunk_merges: 3.
num_chunk_splits: 2329.
num_chunks_enlarged: 1615.
num_purges: 0.
num_inconsistent_stats: 0.

CodeHeap 'non-profiled nmethods': size=120000Kb used=3881Kb max_used=3881Kb free=116118Kb
 bounds [0x00000293a7950000, 0x00000293a7d20000, 0x00000293aee80000]
CodeHeap 'profiled nmethods': size=120000Kb used=13412Kb max_used=13412Kb free=106587Kb
 bounds [0x000002939fe80000, 0x00000293a0ba0000, 0x00000293a73b0000]
CodeHeap 'non-nmethods': size=5760Kb used=2375Kb max_used=2410Kb free=3385Kb
 bounds [0x00000293a73b0000, 0x00000293a7620000, 0x00000293a7950000]
 total_blobs=7766 nmethods=6861 adapters=817
 compilation: enabled
              stopped_count=0, restarted_count=0
 full_count=0

Compilation events (20 events):
Event: 29.633 Thread 0x00000293b691b0d0 7676       3       java.lang.String::lastIndexOf (10 bytes)
Event: 29.634 Thread 0x00000293b691b0d0 nmethod 7676 0x00000293a0b88290 code [0x00000293a0b88440, 0x00000293a0b88688]
Event: 29.635 Thread 0x00000293b691b0d0 7677       3       org.gradle.api.internal.DefaultDomainObjectCollection$IteratorImpl::next (18 bytes)
Event: 29.635 Thread 0x00000293b691b0d0 nmethod 7677 0x00000293a0b88790 code [0x00000293a0b88940, 0x00000293a0b88b68]
Event: 29.649 Thread 0x00000293b691b0d0 7678       3       org.gradle.plugin.use.internal.DefaultPluginId::hashCode (8 bytes)
Event: 29.649 Thread 0x00000293b691b0d0 nmethod 7678 0x00000293a0b88c10 code [0x00000293a0b88dc0, 0x00000293a0b88f08]
Event: 29.650 Thread 0x00000293b691b0d0 7679       3       jdk.internal.loader.ClassLoaders::bootLoader (4 bytes)
Event: 29.650 Thread 0x00000293b691b0d0 nmethod 7679 0x00000293a0b89010 code [0x00000293a0b891a0, 0x00000293a0b89298]
Event: 29.651 Thread 0x00000293b691b0d0 7680       3       java.lang.ClassLoader::getResource (41 bytes)
Event: 29.652 Thread 0x00000293b691b0d0 nmethod 7680 0x00000293a0b89310 code [0x00000293a0b89500, 0x00000293a0b89af8]
Event: 29.652 Thread 0x00000293b691b0d0 7681       3       org.gradle.plugin.use.internal.DefaultPluginId::isQualified (10 bytes)
Event: 29.652 Thread 0x00000293b691b0d0 nmethod 7681 0x00000293a0b89c90 code [0x00000293a0b89e40, 0x00000293a0b8a0a8]
Event: 29.653 Thread 0x00000293b691b0d0 7682   !   3       org.gradle.api.internal.plugins.DefaultPluginRegistry::uncheckedGet (17 bytes)
Event: 29.654 Thread 0x00000293b691b0d0 nmethod 7682 0x00000293a0b8a210 code [0x00000293a0b8a400, 0x00000293a0b8a938]
Event: 29.661 Thread 0x00000293b691b0d0 7683   !   3       jdk.internal.loader.BuiltinClassLoader$2::run (114 bytes)
Event: 29.662 Thread 0x00000293b691b0d0 nmethod 7683 0x00000293a0b8ab90 code [0x00000293a0b8ae20, 0x00000293a0b8bbf8]
Event: 29.662 Thread 0x00000293b691b0d0 7684       3       org.gradle.api.internal.plugins.DefaultPluginRegistry$PluginIdLookupCacheKey::<init> (15 bytes)
Event: 29.663 Thread 0x00000293b691b0d0 nmethod 7684 0x00000293a0b8c090 code [0x00000293a0b8c240, 0x00000293a0b8c458]
Event: 29.663 Thread 0x00000293b691b0d0 7685       3       org.gradle.api.internal.plugins.DefaultPluginRegistry$PluginIdLookupCacheKey::hashCode (23 bytes)
Event: 29.663 Thread 0x00000293b691b0d0 nmethod 7685 0x00000293a0b8c510 code [0x00000293a0b8c6c0, 0x00000293a0b8c978]

GC Heap History (20 events):
Event: 20.575 GC heap before
{Heap before GC invocations=27 (full 0):
 garbage-first heap   total 122880K, used 93317K [0x0000000080000000, 0x0000000100000000)
  region size 1024K, 25 young (25600K), 2 survivors (2048K)
 Metaspace       used 54480K, committed 55104K, reserved 1097728K
  class space    used 7357K, committed 7616K, reserved 1048576K
}
Event: 20.586 GC heap after
{Heap after GC invocations=28 (full 0):
 garbage-first heap   total 122880K, used 71396K [0x0000000080000000, 0x0000000100000000)
  region size 1024K, 3 young (3072K), 3 survivors (3072K)
 Metaspace       used 54480K, committed 55104K, reserved 1097728K
  class space    used 7357K, committed 7616K, reserved 1048576K
}
Event: 22.146 GC heap before
{Heap before GC invocations=28 (full 0):
 garbage-first heap   total 122880K, used 98020K [0x0000000080000000, 0x0000000100000000)
  region size 1024K, 30 young (30720K), 3 survivors (3072K)
 Metaspace       used 56186K, committed 56832K, reserved 1105920K
  class space    used 7550K, committed 7808K, reserved 1048576K
}
Event: 22.160 GC heap after
{Heap after GC invocations=29 (full 0):
 garbage-first heap   total 122880K, used 73237K [0x0000000080000000, 0x0000000100000000)
  region size 1024K, 4 young (4096K), 4 survivors (4096K)
 Metaspace       used 56186K, committed 56832K, reserved 1105920K
  class space    used 7550K, committed 7808K, reserved 1048576K
}
Event: 22.490 GC heap before
{Heap before GC invocations=30 (full 0):
 garbage-first heap   total 128000K, used 77333K [0x0000000080000000, 0x0000000100000000)
  region size 1024K, 10 young (10240K), 4 survivors (4096K)
 Metaspace       used 56289K, committed 56960K, reserved 1105920K
  class space    used 7556K, committed 7872K, reserved 1048576K
}
Event: 22.501 GC heap after
{Heap after GC invocations=31 (full 0):
 garbage-first heap   total 128000K, used 73764K [0x0000000080000000, 0x0000000100000000)
  region size 1024K, 3 young (3072K), 3 survivors (3072K)
 Metaspace       used 56289K, committed 56960K, reserved 1105920K
  class space    used 7556K, committed 7872K, reserved 1048576K
}
Event: 22.769 GC heap before
{Heap before GC invocations=32 (full 0):
 garbage-first heap   total 140288K, used 84004K [0x0000000080000000, 0x0000000100000000)
  region size 1024K, 11 young (11264K), 3 survivors (3072K)
 Metaspace       used 56632K, committed 57216K, reserved 1105920K
  class space    used 7614K, committed 7872K, reserved 1048576K
}
Event: 22.780 GC heap after
{Heap after GC invocations=33 (full 0):
 garbage-first heap   total 140288K, used 80717K [0x0000000080000000, 0x0000000100000000)
  region size 1024K, 4 young (4096K), 4 survivors (4096K)
 Metaspace       used 56632K, committed 57216K, reserved 1105920K
  class space    used 7614K, committed 7872K, reserved 1048576K
}
Event: 23.605 GC heap before
{Heap before GC invocations=34 (full 0):
 garbage-first heap   total 147456K, used 104269K [0x0000000080000000, 0x0000000100000000)
  region size 1024K, 27 young (27648K), 4 survivors (4096K)
 Metaspace       used 59439K, committed 60032K, reserved 1105920K
  class space    used 7990K, committed 8256K, reserved 1048576K
}
Event: 23.615 GC heap after
{Heap after GC invocations=35 (full 0):
 garbage-first heap   total 177152K, used 83234K [0x0000000080000000, 0x0000000100000000)
  region size 1024K, 3 young (3072K), 3 survivors (3072K)
 Metaspace       used 59439K, committed 60032K, reserved 1105920K
  class space    used 7990K, committed 8256K, reserved 1048576K
}
Event: 25.298 GC heap before
{Heap before GC invocations=35 (full 0):
 garbage-first heap   total 177152K, used 121122K [0x0000000080000000, 0x0000000100000000)
  region size 1024K, 40 young (40960K), 3 survivors (3072K)
 Metaspace       used 66071K, committed 66688K, reserved 1114112K
  class space    used 8801K, committed 9088K, reserved 1048576K
}
Event: 25.319 GC heap after
{Heap after GC invocations=36 (full 0):
 garbage-first heap   total 177152K, used 84881K [0x0000000080000000, 0x0000000100000000)
  region size 1024K, 4 young (4096K), 4 survivors (4096K)
 Metaspace       used 66071K, committed 66688K, reserved 1114112K
  class space    used 8801K, committed 9088K, reserved 1048576K
}
Event: 25.848 GC heap before
{Heap before GC invocations=37 (full 0):
 garbage-first heap   total 177152K, used 91025K [0x0000000080000000, 0x0000000100000000)
  region size 1024K, 11 young (11264K), 4 survivors (4096K)
 Metaspace       used 67673K, committed 68416K, reserved 1114112K
  class space    used 8987K, committed 9280K, reserved 1048576K
}
Event: 25.859 GC heap after
{Heap after GC invocations=38 (full 0):
 garbage-first heap   total 177152K, used 86278K [0x0000000080000000, 0x0000000100000000)
  region size 1024K, 4 young (4096K), 4 survivors (4096K)
 Metaspace       used 67673K, committed 68416K, reserved 1114112K
  class space    used 8987K, committed 9280K, reserved 1048576K
}
Event: 26.191 GC heap before
{Heap before GC invocations=39 (full 0):
 garbage-first heap   total 177152K, used 98566K [0x0000000080000000, 0x0000000100000000)
  region size 1024K, 13 young (13312K), 4 survivors (4096K)
 Metaspace       used 67682K, committed 68416K, reserved 1114112K
  class space    used 8987K, committed 9280K, reserved 1048576K
}
Event: 26.205 GC heap after
{Heap after GC invocations=40 (full 0):
 garbage-first heap   total 177152K, used 92153K [0x0000000080000000, 0x0000000100000000)
  region size 1024K, 6 young (6144K), 6 survivors (6144K)
 Metaspace       used 67682K, committed 68416K, reserved 1114112K
  class space    used 8987K, committed 9280K, reserved 1048576K
}
Event: 27.852 GC heap before
{Heap before GC invocations=41 (full 0):
 garbage-first heap   total 177152K, used 129017K [0x0000000080000000, 0x0000000100000000)
  region size 1024K, 40 young (40960K), 6 survivors (6144K)
 Metaspace       used 70811K, committed 71488K, reserved 1114112K
  class space    used 9396K, committed 9728K, reserved 1048576K
}
Event: 27.874 GC heap after
{Heap after GC invocations=42 (full 0):
 garbage-first heap   total 177152K, used 90072K [0x0000000080000000, 0x0000000100000000)
  region size 1024K, 3 young (3072K), 3 survivors (3072K)
 Metaspace       used 70811K, committed 71488K, reserved 1114112K
  class space    used 9396K, committed 9728K, reserved 1048576K
}
Event: 29.100 GC heap before
{Heap before GC invocations=42 (full 0):
 garbage-first heap   total 177152K, used 128984K [0x0000000080000000, 0x0000000100000000)
  region size 1024K, 41 young (41984K), 3 survivors (3072K)
 Metaspace       used 75840K, committed 76480K, reserved 1122304K
  class space    used 10083K, committed 10368K, reserved 1048576K
}
Event: 29.112 GC heap after
{Heap after GC invocations=43 (full 0):
 garbage-first heap   total 177152K, used 92125K [0x0000000080000000, 0x0000000100000000)
  region size 1024K, 5 young (5120K), 5 survivors (5120K)
 Metaspace       used 75840K, committed 76480K, reserved 1122304K
  class space    used 10083K, committed 10368K, reserved 1048576K
}

Dll operation events (2 events):
Event: 0.012 Loaded shared library C:\Program Files\Android\Android Studio\jbr\bin\java.dll
Event: 1.062 Loaded shared library C:\Program Files\Android\Android Studio\jbr\bin\verify.dll

Deoptimization events (20 events):
Event: 29.578 Thread 0x00000293b9836810 Uncommon trap: trap_request=0xffffff45 fr.pc=0x00000293a7a37edc relative=0x000000000000061c
Event: 29.578 Thread 0x00000293b9836810 Uncommon trap: reason=unstable_if action=reinterpret pc=0x00000293a7a37edc method=java.lang.String.regionMatches(ZILjava/lang/String;II)Z @ 36 c2
Event: 29.579 Thread 0x00000293b9836810 DEOPT PACKING pc=0x00000293a7a37edc sp=0x000000c0a38f8230
Event: 29.579 Thread 0x00000293b9836810 DEOPT UNPACKING pc=0x00000293a74069a3 sp=0x000000c0a38f81d8 mode 2
Event: 29.589 Thread 0x00000293b9836810 Uncommon trap: trap_request=0xffffffde fr.pc=0x00000293a7b2360c relative=0x000000000000268c
Event: 29.590 Thread 0x00000293b9836810 Uncommon trap: reason=class_check action=maybe_recompile pc=0x00000293a7b2360c method=jdk.internal.loader.URLClassPath.getLoader(I)Ljdk/internal/loader/URLClassPath$Loader; @ 190 c2
Event: 29.590 Thread 0x00000293b9836810 DEOPT PACKING pc=0x00000293a7b2360c sp=0x000000c0a38f83c0
Event: 29.590 Thread 0x00000293b9836810 DEOPT UNPACKING pc=0x00000293a74069a3 sp=0x000000c0a38f83b0 mode 2
Event: 29.590 Thread 0x00000293b9836810 Uncommon trap: trap_request=0xffffffde fr.pc=0x00000293a7b62700 relative=0x00000000000005a0
Event: 29.590 Thread 0x00000293b9836810 Uncommon trap: reason=class_check action=maybe_recompile pc=0x00000293a7b62700 method=jdk.internal.loader.URLClassPath.getResource(Ljava/lang/String;Z)Ljdk/internal/loader/Resource; @ 53 c2
Event: 29.590 Thread 0x00000293b9836810 DEOPT PACKING pc=0x00000293a7b62700 sp=0x000000c0a38f8480
Event: 29.590 Thread 0x00000293b9836810 DEOPT UNPACKING pc=0x00000293a74069a3 sp=0x000000c0a38f8440 mode 2
Event: 29.595 Thread 0x00000293b9836810 Uncommon trap: trap_request=0xffffffde fr.pc=0x00000293a7b2360c relative=0x000000000000268c
Event: 29.595 Thread 0x00000293b9836810 Uncommon trap: reason=class_check action=maybe_recompile pc=0x00000293a7b2360c method=jdk.internal.loader.URLClassPath.getLoader(I)Ljdk/internal/loader/URLClassPath$Loader; @ 190 c2
Event: 29.595 Thread 0x00000293b9836810 DEOPT PACKING pc=0x00000293a7b2360c sp=0x000000c0a38f83c0
Event: 29.595 Thread 0x00000293b9836810 DEOPT UNPACKING pc=0x00000293a74069a3 sp=0x000000c0a38f83b0 mode 2
Event: 29.595 Thread 0x00000293b9836810 Uncommon trap: trap_request=0xffffffde fr.pc=0x00000293a7b62700 relative=0x00000000000005a0
Event: 29.595 Thread 0x00000293b9836810 Uncommon trap: reason=class_check action=maybe_recompile pc=0x00000293a7b62700 method=jdk.internal.loader.URLClassPath.getResource(Ljava/lang/String;Z)Ljdk/internal/loader/Resource; @ 53 c2
Event: 29.595 Thread 0x00000293b9836810 DEOPT PACKING pc=0x00000293a7b62700 sp=0x000000c0a38f8480
Event: 29.595 Thread 0x00000293b9836810 DEOPT UNPACKING pc=0x00000293a74069a3 sp=0x000000c0a38f8440 mode 2

Classes unloaded (0 events):
No events

Classes redefined (0 events):
No events

Internal exceptions (20 events):
Event: 19.305 Thread 0x00000293b9836810 Exception <a 'java/lang/ClassNotFoundException'{0x0000000085e27168}: org/jetbrains/plugins/gradle/model/DependencyAccessorsModelBeanInfo> (0x0000000085e27168) 
thrown [s\src\hotspot\share\classfile\systemDictionary.cpp, line 256]
Event: 19.306 Thread 0x00000293b9836810 Exception <a 'java/lang/ClassNotFoundException'{0x0000000085e2f4d0}: org/jetbrains/plugins/gradle/model/DependencyAccessorsModelCustomizer> (0x0000000085e2f4d0) 
thrown [s\src\hotspot\share\classfile\systemDictionary.cpp, line 256]
Event: 19.740 Thread 0x00000293b9836810 Exception <a 'java/lang/ClassNotFoundException'{0x000000008745d258}: org/gradle/api/internal/project/DefaultProject_DecoratedBeanInfo> (0x000000008745d258) 
thrown [s\src\hotspot\share\classfile\systemDictionary.cpp, line 256]
Event: 19.741 Thread 0x00000293b9836810 Exception <a 'java/lang/ClassNotFoundException'{0x0000000087469d50}: org/gradle/api/internal/project/DefaultProjectBeanInfo> (0x0000000087469d50) 
thrown [s\src\hotspot\share\classfile\systemDictionary.cpp, line 256]
Event: 19.742 Thread 0x00000293b9836810 Exception <a 'java/lang/ClassNotFoundException'{0x0000000087476ac8}: org/gradle/api/internal/project/DefaultProjectCustomizer> (0x0000000087476ac8) 
thrown [s\src\hotspot\share\classfile\systemDictionary.cpp, line 256]
Event: 19.759 Thread 0x00000293b9836810 Exception <a 'java/lang/ClassNotFoundException'{0x00000000873240c0}: org/gradle/api/internal/project/DefaultProject_DecoratedCustomizer> (0x00000000873240c0) 
thrown [s\src\hotspot\share\classfile\systemDictionary.cpp, line 256]
Event: 20.910 Thread 0x00000293b9836810 Exception <a 'java/lang/NoSuchMethodError'{0x00000000872c7eb0}: 'java.lang.Object java.lang.invoke.DirectMethodHandle$Holder.newInvokeSpecial(java.lang.Object, java.lang.Object, java.lang.Object, java.lang.Object, java.lang.Object, int)'> (0x00000000872c7eb0) 
thrown [s\src\hotspot\share\interpreter\linkResolver.cpp, line 771]
Event: 20.911 Thread 0x00000293b9836810 Exception <a 'java/lang/NoSuchMethodError'{0x00000000872cd508}: 'java.lang.Object java.lang.invoke.DirectMethodHandle$Holder.invokeSpecial(java.lang.Object, java.lang.Object, java.lang.Object, java.lang.Object, java.lang.Object, java.lang.Object, int)'> (0x00000000872cd508) 
thrown [s\src\hotspot\share\interpreter\linkResolver.cpp, line 771]
Event: 20.949 Thread 0x00000293b9836810 Exception <a 'java/lang/NoSuchMethodError'{0x000000008716d390}: 'void java.lang.invoke.DirectMethodHandle$Holder.invokeStatic(java.lang.Object, java.lang.Object, java.lang.Object, int, java.lang.Object)'> (0x000000008716d390) 
thrown [s\src\hotspot\share\interpreter\linkResolver.cpp, line 771]
Event: 21.717 Thread 0x00000293b9836810 Implicit null exception at 0x00000293a7c94c6f to 0x00000293a7c94eb0
Event: 22.485 Thread 0x00000293b9836810 Implicit null exception at 0x00000293a7c9a092 to 0x00000293a7c9a6bc
Event: 23.115 Thread 0x00000293b9836810 Exception <a 'java/lang/NoSuchMethodError'{0x0000000088becd40}: 'java.lang.Object java.lang.invoke.DirectMethodHandle$Holder.newInvokeSpecial(java.lang.Object, java.lang.Object, java.lang.Object, java.lang.Object, int)'> (0x0000000088becd40) 
thrown [s\src\hotspot\share\interpreter\linkResolver.cpp, line 771]
Event: 23.116 Thread 0x00000293b9836810 Exception <a 'java/lang/NoSuchMethodError'{0x0000000088bf2188}: 'java.lang.Object java.lang.invoke.DirectMethodHandle$Holder.invokeSpecial(java.lang.Object, java.lang.Object, java.lang.Object, java.lang.Object, java.lang.Object, int)'> (0x0000000088bf2188) 
thrown [s\src\hotspot\share\interpreter\linkResolver.cpp, line 771]
Event: 23.117 Thread 0x00000293b9836810 Exception <a 'java/lang/NoSuchMethodError'{0x0000000088bf6f08}: 'java.lang.Object java.lang.invoke.Invokers$Holder.linkToTargetMethod(java.lang.Object, java.lang.Object, java.lang.Object, int, java.lang.Object)'> (0x0000000088bf6f08) 
thrown [s\src\hotspot\share\interpreter\linkResolver.cpp, line 771]
Event: 23.674 Thread 0x00000293b9836810 Exception <a 'java/lang/NoSuchMethodError'{0x000000008acf1040}: 'int java.lang.invoke.DirectMethodHandle$Holder.invokeInterface(java.lang.Object, java.lang.Object, java.lang.Object, java.lang.Object)'> (0x000000008acf1040) 
thrown [s\src\hotspot\share\interpreter\linkResolver.cpp, line 771]
Event: 24.940 Thread 0x00000293b9836810 Exception <a 'java/lang/IncompatibleClassChangeError'{0x0000000088ebfd80}: Found class java.lang.Object, but interface was expected> (0x0000000088ebfd80) 
thrown [s\src\hotspot\share\interpreter\linkResolver.cpp, line 838]
Event: 25.086 Thread 0x00000293b9836810 Implicit null exception at 0x00000293a7b9fdd4 to 0x00000293a7b9ff7c
Event: 25.620 Thread 0x00000293b9836810 Implicit null exception at 0x00000293a7b3fa0c to 0x00000293a7b3fb42
Event: 26.515 Thread 0x00000293b9836810 Exception <a 'sun/nio/fs/WindowsException'{0x000000008a91a448}> (0x000000008a91a448) 
thrown [s\src\hotspot\share\prims\jni.cpp, line 517]
Event: 27.970 Thread 0x00000293b9836810 Implicit null exception at 0x00000293a7a9f048 to 0x00000293a7a9f0f8

VM Operations (20 events):
Event: 26.060 Executing VM operation: G1Concurrent
Event: 26.081 Executing VM operation: G1Concurrent done
Event: 26.171 Executing VM operation: G1Concurrent
Event: 26.172 Executing VM operation: G1Concurrent done
Event: 26.191 Executing VM operation: G1TryInitiateConcMark
Event: 26.205 Executing VM operation: G1TryInitiateConcMark done
Event: 26.420 Executing VM operation: G1Concurrent
Event: 26.470 Executing VM operation: G1Concurrent done
Event: 26.555 Executing VM operation: G1Concurrent
Event: 26.556 Executing VM operation: G1Concurrent done
Event: 27.852 Executing VM operation: G1CollectForAllocation
Event: 27.874 Executing VM operation: G1CollectForAllocation done
Event: 29.100 Executing VM operation: G1CollectForAllocation
Event: 29.113 Executing VM operation: G1CollectForAllocation done
Event: 29.333 Executing VM operation: G1Concurrent
Event: 29.340 Executing VM operation: G1Concurrent done
Event: 29.419 Executing VM operation: G1Concurrent
Event: 29.420 Executing VM operation: G1Concurrent done
Event: 29.675 Executing VM operation: HandshakeAllThreads
Event: 29.675 Executing VM operation: HandshakeAllThreads done

Events (20 events):
Event: 25.827 loading class java/util/jar/JarVerifier$VerifierStream
Event: 25.829 loading class java/util/jar/JarVerifier$VerifierStream done
Event: 25.829 loading class sun/security/util/ManifestEntryVerifier$SunProviderHolder
Event: 25.829 loading class sun/security/util/ManifestEntryVerifier$SunProviderHolder done
Event: 27.562 loading class java/security/KeyStore
Event: 27.563 loading class java/security/KeyStore done
Event: 27.563 loading class java/security/KeyStore$1
Event: 27.563 loading class java/security/KeyStore$1 done
Event: 27.840 loading class javax/xml/stream/XMLStreamException
Event: 27.840 loading class javax/xml/stream/XMLStreamException done
Event: 27.908 loading class sun/reflect/annotation/AnnotationInvocationHandler$1
Event: 27.908 loading class sun/reflect/annotation/AnnotationInvocationHandler$1 done
Event: 28.921 loading class java/util/ArrayList$SubList$1
Event: 28.921 loading class java/util/ArrayList$SubList$1 done
Event: 28.931 Thread 0x00000293b9378600 Thread exited: 0x00000293b9378600
Event: 29.058 Thread 0x00000293b9378b10 Thread added: 0x00000293b9378b10
Event: 29.548 loading class jdk/internal/loader/URLClassPath$FileLoader
Event: 29.548 loading class jdk/internal/loader/URLClassPath$FileLoader done
Event: 29.551 loading class jdk/internal/loader/URLClassPath$FileLoader$1
Event: 29.551 loading class jdk/internal/loader/URLClassPath$FileLoader$1 done


Dynamic libraries:
0x00007ff690040000 - 0x00007ff69004a000 	C:\Program Files\Android\Android Studio\jbr\bin\java.exe
0x00007ffc2a790000 - 0x00007ffc2a9a4000 	C:\Windows\SYSTEM32\ntdll.dll
0x00007ffc29810000 - 0x00007ffc298d3000 	C:\Windows\System32\KERNEL32.DLL
0x00007ffc28200000 - 0x00007ffc2859c000 	C:\Windows\System32\KERNELBASE.dll
0x00007ffc28040000 - 0x00007ffc28151000 	C:\Windows\System32\ucrtbase.dll
0x00007ffbf7be0000 - 0x00007ffbf7bf7000 	C:\Program Files\Android\Android Studio\jbr\bin\jli.dll
0x00007ffc20fc0000 - 0x00007ffc20fdb000 	C:\Program Files\Android\Android Studio\jbr\bin\VCRUNTIME140.dll
0x00007ffc28ff0000 - 0x00007ffc2919d000 	C:\Windows\System32\USER32.dll
0x00007ffc27c40000 - 0x00007ffc27c66000 	C:\Windows\System32\win32u.dll
0x00007ffc299f0000 - 0x00007ffc29a19000 	C:\Windows\System32\GDI32.dll
0x00007ffc15310000 - 0x00007ffc1559e000 	C:\Windows\WinSxS\amd64_microsoft.windows.common-controls_6595b64144ccf1df_6.0.22621.608_none_a9444ca7c10bb01d\COMCTL32.dll
0x00007ffc27c70000 - 0x00007ffc27d83000 	C:\Windows\System32\gdi32full.dll
0x00007ffc291a0000 - 0x00007ffc29247000 	C:\Windows\System32\msvcrt.dll
0x00007ffc28160000 - 0x00007ffc281fa000 	C:\Windows\System32\msvcp_win.dll
0x00007ffc28fb0000 - 0x00007ffc28fe1000 	C:\Windows\System32\IMM32.DLL
0x00007ffc22f90000 - 0x00007ffc22f9c000 	C:\Program Files\Android\Android Studio\jbr\bin\vcruntime140_1.dll
0x00007ffc19810000 - 0x00007ffc1989d000 	C:\Program Files\Android\Android Studio\jbr\bin\msvcp140.dll
0x00007ffbd4c00000 - 0x00007ffbd586e000 	C:\Program Files\Android\Android Studio\jbr\bin\server\jvm.dll
0x00007ffc298e0000 - 0x00007ffc2998e000 	C:\Windows\System32\ADVAPI32.dll
0x00007ffc29db0000 - 0x00007ffc29e54000 	C:\Windows\System32\sechost.dll
0x00007ffc294c0000 - 0x00007ffc295d5000 	C:\Windows\System32\RPCRT4.dll
0x00007ffc19d80000 - 0x00007ffc19d89000 	C:\Windows\SYSTEM32\WSOCK32.dll
0x00007ffc16ab0000 - 0x00007ffc16ae4000 	C:\Windows\SYSTEM32\WINMM.dll
0x00007ffc28d90000 - 0x00007ffc28e01000 	C:\Windows\System32\WS2_32.dll
0x00007ffc169c0000 - 0x00007ffc169ca000 	C:\Windows\SYSTEM32\VERSION.dll
0x00007ffc26c00000 - 0x00007ffc26c18000 	C:\Windows\SYSTEM32\kernel.appcore.dll
0x00007ffc15940000 - 0x00007ffc1594a000 	C:\Program Files\Android\Android Studio\jbr\bin\jimage.dll
0x00007ffc14de0000 - 0x00007ffc1500e000 	C:\Windows\SYSTEM32\DBGHELP.DLL
0x00007ffc29a20000 - 0x00007ffc29da9000 	C:\Windows\System32\combase.dll
0x00007ffc2a040000 - 0x00007ffc2a117000 	C:\Windows\System32\OLEAUT32.dll
0x00007ffc14da0000 - 0x00007ffc14dd2000 	C:\Windows\SYSTEM32\dbgcore.DLL
0x00007ffc27e50000 - 0x00007ffc27ecb000 	C:\Windows\System32\bcryptPrimitives.dll
0x00007ffc105a0000 - 0x00007ffc105c5000 	C:\Program Files\Android\Android Studio\jbr\bin\java.dll
0x00007ffc0bfa0000 - 0x00007ffc0bfb8000 	C:\Program Files\Android\Android Studio\jbr\bin\zip.dll
0x00007ffc285a0000 - 0x00007ffc28d90000 	C:\Windows\System32\SHELL32.dll
0x00007ffc25bc0000 - 0x00007ffc2648e000 	C:\Windows\SYSTEM32\windows.storage.dll
0x00007ffc25a80000 - 0x00007ffc25bbe000 	C:\Windows\SYSTEM32\wintypes.dll
0x00007ffc29700000 - 0x00007ffc297f1000 	C:\Windows\System32\SHCORE.dll
0x00007ffc29250000 - 0x00007ffc292ae000 	C:\Windows\System32\shlwapi.dll
0x00007ffc27b00000 - 0x00007ffc27b21000 	C:\Windows\SYSTEM32\profapi.dll
0x00007ffc0aad0000 - 0x00007ffc0aae9000 	C:\Program Files\Android\Android Studio\jbr\bin\net.dll
0x00007ffc1f5c0000 - 0x00007ffc1f6ef000 	C:\Windows\SYSTEM32\WINHTTP.dll
0x00007ffc27070000 - 0x00007ffc270d9000 	C:\Windows\system32\mswsock.dll
0x00007ffc0aab0000 - 0x00007ffc0aac6000 	C:\Program Files\Android\Android Studio\jbr\bin\nio.dll
0x00007ffc107d0000 - 0x00007ffc107e0000 	C:\Program Files\Android\Android Studio\jbr\bin\verify.dll
0x00007ffc22f20000 - 0x00007ffc22f47000 	C:\Users\Emmerh\.gradle\native\68d5fa5c4cc2d200863cafc0d521ce42e7d3e7ee720ec0a83991735586a16f82\windows-amd64\native-platform.dll
0x00007ffc14230000 - 0x00007ffc14374000 	C:\Users\Emmerh\.gradle\native\e376f236ea51e6404a007f0833ffe2c6e607c4080706a723a18a27aeea778392\windows-amd64\native-platform-file-events.dll
0x00007ffc0aaa0000 - 0x00007ffc0aaa9000 	C:\Program Files\Android\Android Studio\jbr\bin\management.dll
0x00007ffc0aa90000 - 0x00007ffc0aa9b000 	C:\Program Files\Android\Android Studio\jbr\bin\management_ext.dll
0x00007ffc2a2c0000 - 0x00007ffc2a2c8000 	C:\Windows\System32\PSAPI.DLL
0x00007ffc272e0000 - 0x00007ffc272fb000 	C:\Windows\SYSTEM32\CRYPTSP.dll
0x00007ffc26b70000 - 0x00007ffc26ba5000 	C:\Windows\system32\rsaenh.dll
0x00007ffc27170000 - 0x00007ffc27198000 	C:\Windows\SYSTEM32\USERENV.dll
0x00007ffc274b0000 - 0x00007ffc274d8000 	C:\Windows\SYSTEM32\bcrypt.dll
0x00007ffc272d0000 - 0x00007ffc272dc000 	C:\Windows\SYSTEM32\CRYPTBASE.dll
0x00007ffc266d0000 - 0x00007ffc266fd000 	C:\Windows\SYSTEM32\IPHLPAPI.DLL
0x00007ffc29f80000 - 0x00007ffc29f89000 	C:\Windows\System32\NSI.dll
0x00007ffc1f5a0000 - 0x00007ffc1f5b9000 	C:\Windows\SYSTEM32\dhcpcsvc6.DLL
0x00007ffc1f580000 - 0x00007ffc1f59f000 	C:\Windows\SYSTEM32\dhcpcsvc.DLL
0x00007ffc26700000 - 0x00007ffc267f3000 	C:\Windows\SYSTEM32\DNSAPI.dll
0x00007ffc097d0000 - 0x00007ffc097d8000 	C:\Windows\system32\wshunix.dll

dbghelp: loaded successfully - version: 4.0.5 - missing functions: none
symbol engine: initialized successfully - sym options: 0x614 - pdb path: .;C:\Program Files\Android\Android Studio\jbr\bin;C:\Windows\SYSTEM32;C:\Windows\WinSxS\amd64_microsoft.windows.common-controls_6595b64144ccf1df_6.0.22621.608_none_a9444ca7c10bb01d;C:\Program Files\Android\Android Studio\jbr\bin\server;C:\Users\Emmerh\.gradle\native\68d5fa5c4cc2d200863cafc0d521ce42e7d3e7ee720ec0a83991735586a16f82\windows-amd64;C:\Users\Emmerh\.gradle\native\e376f236ea51e6404a007f0833ffe2c6e607c4080706a723a18a27aeea778392\windows-amd64

VM Arguments:
jvm_args: --add-opens=java.base/java.util=ALL-UNNAMED --add-opens=java.base/java.lang=ALL-UNNAMED --add-opens=java.base/java.lang.invoke=ALL-UNNAMED --add-opens=java.prefs/java.util.prefs=ALL-UNNAMED --add-opens=java.base/java.nio.charset=ALL-UNNAMED --add-opens=java.base/java.net=ALL-UNNAMED --add-opens=java.base/java.util.concurrent.atomic=ALL-UNNAMED -Xmx2048m -Dfile.encoding=UTF-8 -Duser.country=US -Duser.language=en -Duser.variant 
java_command: org.gradle.launcher.daemon.bootstrap.GradleDaemon 8.0
java_class_path (initial): C:\Users\Emmerh\.gradle\wrapper\dists\gradle-8.0-bin\ca5e32bp14vu59qr306oxotwh\gradle-8.0\lib\gradle-launcher-8.0.jar
Launcher Type: SUN_STANDARD

[Global flags]
     intx CICompilerCount                          = 3                                         {product} {ergonomic}
     uint ConcGCThreads                            = 1                                         {product} {ergonomic}
     uint G1ConcRefinementThreads                  = 4                                         {product} {ergonomic}
   size_t G1HeapRegionSize                         = 1048576                                   {product} {ergonomic}
    uintx GCDrainStackTargetSize                   = 64                                        {product} {ergonomic}
   size_t InitialHeapSize                          = 134217728                                 {product} {ergonomic}
   size_t MarkStackSize                            = 4194304                                   {product} {ergonomic}
   size_t MaxHeapSize                              = 2147483648                                {product} {command line}
   size_t MaxNewSize                               = 1287651328                                {product} {ergonomic}
   size_t MinHeapDeltaBytes                        = 1048576                                   {product} {ergonomic}
   size_t MinHeapSize                              = 8388608                                   {product} {ergonomic}
    uintx NonNMethodCodeHeapSize                   = 5832780                                {pd product} {ergonomic}
    uintx NonProfiledCodeHeapSize                  = 122912730                              {pd product} {ergonomic}
    uintx ProfiledCodeHeapSize                     = 122912730                              {pd product} {ergonomic}
    uintx ReservedCodeCacheSize                    = 251658240                              {pd product} {ergonomic}
     bool SegmentedCodeCache                       = true                                      {product} {ergonomic}
   size_t SoftMaxHeapSize                          = 2147483648                             {manageable} {ergonomic}
     bool UseCompressedClassPointers               = true                           {product lp64_product} {ergonomic}
     bool UseCompressedOops                        = true                           {product lp64_product} {ergonomic}
     bool UseG1GC                                  = true                                      {product} {ergonomic}
     bool UseLargePagesIndividualAllocation        = false                                  {pd product} {ergonomic}

Logging:
Log output configuration:
 #0: stdout all=warning uptime,level,tags
 #1: stderr all=off uptime,level,tags

Environment Variables:
PATH=C:\Program Files\Common Files\Oracle\Java\javapath;C:\Windows\system32;C:\Windows;C:\Windows\System32\Wbem;C:\Windows\System32\WindowsPowerShell\v1.0\;C:\Windows\System32\OpenSSH\;C:\Program Files\Java\jdk-20\bin;C:\Program Files\Git\cmd;C:\xampp\php;C:\ProgramData\ComposerSetup\bin;C:\Users\Emmerh\AppData\Local\Microsoft\WindowsApps;;C:\Program Files\JetBrains\IntelliJ IDEA Community Edition 2023.1.4\bin;;C:\Users\Emmerh\AppData\Local\Programs\Microsoft VS Code Insiders\bin;C:\Users\Emmerh\AppData\Roaming\Composer\vendor\bin
USERNAME=Emmerh
OS=Windows_NT
PROCESSOR_IDENTIFIER=Intel64 Family 6 Model 42 Stepping 7, GenuineIntel
TMP=C:\Users\Emmerh\AppData\Local\Temp
TEMP=C:\Users\Emmerh\AppData\Local\Temp


JNI global refs:
JNI global refs: 25, weak refs: 1

JNI global refs memory usage: 843, weak refs: 841


---------------  S Y S T E M  ---------------

OS:
 Windows 11 , 64 bit Build 22621 (10.0.22621.1344)
OS uptime: 0 days 0:14 hours

CPU: total 4 (initial active 4) (2 cores per cpu, 2 threads per core) family 6 model 42 stepping 7 microcode 0x2f, cx8, cmov, fxsr, ht, mmx, sse, sse2, sse3, ssse3, sse4.1, sse4.2, popcnt, tsc, tscinvbit, avx, aes, clmul, vzeroupper, clflush

Memory: 4k page, system-wide physical 8074M (3023M free)
TotalPageFile size 9418M (AvailPageFile size 4762M)
current process WorkingSet (physical memory assigned to process): 387M, peak: 387M
current process commit charge ("private bytes"): 415M, peak: 415M

vm_info: OpenJDK 64-Bit Server VM (17.0.6+0-b2043.56-10027231) for windows-amd64 JRE (17.0.6+0-b2043.56-10027231), built on Apr 28 2023 00:43:19 by "androidbuild" with MS VC++ 16.10 / 16.11 (VS2019)

END.
